{"/usr/local/apisix/javascript-plugin-runner/dist/server/node.js":{"path":"/usr/local/apisix/javascript-plugin-runner/dist/server/node.js","statementMap":{"0":{"start":{"line":2,"column":16},"end":{"line":10,"column":1}},"1":{"start":{"line":3,"column":28},"end":{"line":3,"column":110}},"2":{"start":{"line":3,"column":91},"end":{"line":3,"column":106}},"3":{"start":{"line":4,"column":4},"end":{"line":9,"column":7}},"4":{"start":{"line":5,"column":36},"end":{"line":5,"column":97}},"5":{"start":{"line":5,"column":42},"end":{"line":5,"column":70}},"6":{"start":{"line":5,"column":85},"end":{"line":5,"column":95}},"7":{"start":{"line":6,"column":35},"end":{"line":6,"column":100}},"8":{"start":{"line":6,"column":41},"end":{"line":6,"column":73}},"9":{"start":{"line":6,"column":88},"end":{"line":6,"column":98}},"10":{"start":{"line":7,"column":32},"end":{"line":7,"column":116}},"11":{"start":{"line":8,"column":8},"end":{"line":8,"column":78}},"12":{"start":{"line":11,"column":0},"end":{"line":11,"column":62}},"13":{"start":{"line":12,"column":12},"end":{"line":12,"column":26}},"14":{"start":{"line":13,"column":11},"end":{"line":13,"column":24}},"15":{"start":{"line":14,"column":14},"end":{"line":14,"column":30}},"16":{"start":{"line":15,"column":17},"end":{"line":15,"column":37}},"17":{"start":{"line":16,"column":19},"end":{"line":16,"column":20}},"18":{"start":{"line":17,"column":17},"end":{"line":17,"column":72}},"19":{"start":{"line":18,"column":15},"end":{"line":18,"column":37}},"20":{"start":{"line":19,"column":18},"end":{"line":19,"column":43}},"21":{"start":{"line":20,"column":13},"end":{"line":20,"column":34}},"22":{"start":{"line":21,"column":0},"end":{"line":21,"column":65}},"23":{"start":{"line":22,"column":0},"end":{"line":30,"column":3}},"24":{"start":{"line":23,"column":4},"end":{"line":29,"column":5}},"25":{"start":{"line":24,"column":23},"end":{"line":24,"column":44}},"26":{"start":{"line":25,"column":8},"end":{"line":25,"column":38}},"27":{"start":{"line":28,"column":8},"end":{"line":28,"column":25}},"28":{"start":{"line":31,"column":16},"end":{"line":31,"column":18}},"29":{"start":{"line":32,"column":15},"end":{"line":86,"column":2}},"30":{"start":{"line":33,"column":4},"end":{"line":33,"column":36}},"31":{"start":{"line":34,"column":24},"end":{"line":34,"column":25}},"32":{"start":{"line":35,"column":21},"end":{"line":35,"column":25}},"33":{"start":{"line":36,"column":13},"end":{"line":36,"column":17}},"34":{"start":{"line":37,"column":14},"end":{"line":37,"column":29}},"35":{"start":{"line":38,"column":15},"end":{"line":38,"column":20}},"36":{"start":{"line":39,"column":4},"end":{"line":39,"column":16}},"37":{"start":{"line":40,"column":17},"end":{"line":40,"column":26}},"38":{"start":{"line":41,"column":4},"end":{"line":79,"column":8}},"39":{"start":{"line":41,"column":27},"end":{"line":79,"column":6}},"40":{"start":{"line":42,"column":8},"end":{"line":42,"column":73}},"41":{"start":{"line":43,"column":8},"end":{"line":49,"column":9}},"42":{"start":{"line":44,"column":12},"end":{"line":44,"column":30}},"43":{"start":{"line":45,"column":12},"end":{"line":45,"column":30}},"44":{"start":{"line":46,"column":12},"end":{"line":46,"column":22}},"45":{"start":{"line":47,"column":12},"end":{"line":47,"column":34}},"46":{"start":{"line":48,"column":12},"end":{"line":48,"column":25}},"47":{"start":{"line":50,"column":8},"end":{"line":55,"column":9}},"48":{"start":{"line":51,"column":12},"end":{"line":51,"column":42}},"49":{"start":{"line":54,"column":12},"end":{"line":54,"column":39}},"50":{"start":{"line":56,"column":8},"end":{"line":56,"column":34}},"51":{"start":{"line":57,"column":8},"end":{"line":66,"column":9}},"52":{"start":{"line":58,"column":12},"end":{"line":65,"column":13}},"53":{"start":{"line":59,"column":16},"end":{"line":59,"column":28}},"54":{"start":{"line":60,"column":16},"end":{"line":60,"column":84}},"55":{"start":{"line":61,"column":32},"end":{"line":61,"column":56}},"56":{"start":{"line":62,"column":16},"end":{"line":62,"column":49}},"57":{"start":{"line":63,"column":16},"end":{"line":63,"column":30}},"58":{"start":{"line":64,"column":16},"end":{"line":64,"column":81}},"59":{"start":{"line":67,"column":8},"end":{"line":78,"column":9}},"60":{"start":{"line":68,"column":12},"end":{"line":68,"column":24}},"61":{"start":{"line":69,"column":26},"end":{"line":69,"column":59}},"62":{"start":{"line":70,"column":29},"end":{"line":70,"column":41}},"63":{"start":{"line":71,"column":27},"end":{"line":71,"column":51}},"64":{"start":{"line":72,"column":12},"end":{"line":72,"column":46}},"65":{"start":{"line":73,"column":12},"end":{"line":73,"column":27}},"66":{"start":{"line":74,"column":12},"end":{"line":74,"column":31}},"67":{"start":{"line":75,"column":12},"end":{"line":77,"column":15}},"68":{"start":{"line":76,"column":16},"end":{"line":76,"column":35}},"69":{"start":{"line":80,"column":4},"end":{"line":82,"column":7}},"70":{"start":{"line":81,"column":8},"end":{"line":81,"column":43}},"71":{"start":{"line":83,"column":4},"end":{"line":85,"column":7}},"72":{"start":{"line":84,"column":8},"end":{"line":84,"column":27}},"73":{"start":{"line":87,"column":0},"end":{"line":89,"column":3}},"74":{"start":{"line":88,"column":4},"end":{"line":88,"column":34}},"75":{"start":{"line":90,"column":0},"end":{"line":92,"column":3}},"76":{"start":{"line":91,"column":4},"end":{"line":91,"column":19}}},"fnMap":{"0":{"name":"(anonymous_0)","decl":{"start":{"line":2,"column":44},"end":{"line":2,"column":45}},"loc":{"start":{"line":2,"column":89},"end":{"line":10,"column":1}},"line":2},"1":{"name":"adopt","decl":{"start":{"line":3,"column":13},"end":{"line":3,"column":18}},"loc":{"start":{"line":3,"column":26},"end":{"line":3,"column":112}},"line":3},"2":{"name":"(anonymous_2)","decl":{"start":{"line":3,"column":70},"end":{"line":3,"column":71}},"loc":{"start":{"line":3,"column":89},"end":{"line":3,"column":108}},"line":3},"3":{"name":"(anonymous_3)","decl":{"start":{"line":4,"column":36},"end":{"line":4,"column":37}},"loc":{"start":{"line":4,"column":63},"end":{"line":9,"column":5}},"line":4},"4":{"name":"fulfilled","decl":{"start":{"line":5,"column":17},"end":{"line":5,"column":26}},"loc":{"start":{"line":5,"column":34},"end":{"line":5,"column":99}},"line":5},"5":{"name":"rejected","decl":{"start":{"line":6,"column":17},"end":{"line":6,"column":25}},"loc":{"start":{"line":6,"column":33},"end":{"line":6,"column":102}},"line":6},"6":{"name":"step","decl":{"start":{"line":7,"column":17},"end":{"line":7,"column":21}},"loc":{"start":{"line":7,"column":30},"end":{"line":7,"column":118}},"line":7},"7":{"name":"(anonymous_7)","decl":{"start":{"line":22,"column":13},"end":{"line":22,"column":14}},"loc":{"start":{"line":22,"column":23},"end":{"line":30,"column":1}},"line":22},"8":{"name":"(anonymous_8)","decl":{"start":{"line":32,"column":32},"end":{"line":32,"column":33}},"loc":{"start":{"line":32,"column":42},"end":{"line":86,"column":1}},"line":32},"9":{"name":"(anonymous_9)","decl":{"start":{"line":41,"column":20},"end":{"line":41,"column":21}},"loc":{"start":{"line":41,"column":27},"end":{"line":79,"column":6}},"line":41},"10":{"name":"(anonymous_10)","decl":{"start":{"line":41,"column":61},"end":{"line":41,"column":62}},"loc":{"start":{"line":41,"column":74},"end":{"line":79,"column":5}},"line":41},"11":{"name":"(anonymous_11)","decl":{"start":{"line":75,"column":30},"end":{"line":75,"column":31}},"loc":{"start":{"line":75,"column":39},"end":{"line":77,"column":13}},"line":75},"12":{"name":"(anonymous_12)","decl":{"start":{"line":80,"column":21},"end":{"line":80,"column":22}},"loc":{"start":{"line":80,"column":27},"end":{"line":82,"column":5}},"line":80},"13":{"name":"(anonymous_13)","decl":{"start":{"line":83,"column":21},"end":{"line":83,"column":22}},"loc":{"start":{"line":83,"column":30},"end":{"line":85,"column":5}},"line":83},"14":{"name":"(anonymous_14)","decl":{"start":{"line":87,"column":24},"end":{"line":87,"column":25}},"loc":{"start":{"line":87,"column":30},"end":{"line":89,"column":1}},"line":87},"15":{"name":"(anonymous_15)","decl":{"start":{"line":90,"column":25},"end":{"line":90,"column":26}},"loc":{"start":{"line":90,"column":31},"end":{"line":92,"column":1}},"line":90}},"branchMap":{"0":{"loc":{"start":{"line":2,"column":16},"end":{"line":10,"column":1}},"type":"binary-expr","locations":[{"start":{"line":2,"column":17},"end":{"line":2,"column":21}},{"start":{"line":2,"column":25},"end":{"line":2,"column":39}},{"start":{"line":2,"column":44},"end":{"line":10,"column":1}}],"line":2},"1":{"loc":{"start":{"line":3,"column":35},"end":{"line":3,"column":109}},"type":"cond-expr","locations":[{"start":{"line":3,"column":56},"end":{"line":3,"column":61}},{"start":{"line":3,"column":64},"end":{"line":3,"column":109}}],"line":3},"2":{"loc":{"start":{"line":4,"column":16},"end":{"line":4,"column":34}},"type":"binary-expr","locations":[{"start":{"line":4,"column":16},"end":{"line":4,"column":17}},{"start":{"line":4,"column":22},"end":{"line":4,"column":33}}],"line":4},"3":{"loc":{"start":{"line":7,"column":32},"end":{"line":7,"column":115}},"type":"cond-expr","locations":[{"start":{"line":7,"column":46},"end":{"line":7,"column":67}},{"start":{"line":7,"column":70},"end":{"line":7,"column":115}}],"line":7},"4":{"loc":{"start":{"line":8,"column":51},"end":{"line":8,"column":67}},"type":"binary-expr","locations":[{"start":{"line":8,"column":51},"end":{"line":8,"column":61}},{"start":{"line":8,"column":65},"end":{"line":8,"column":67}}],"line":8},"5":{"loc":{"start":{"line":43,"column":8},"end":{"line":49,"column":9}},"type":"if","locations":[{"start":{"line":43,"column":8},"end":{"line":49,"column":9}},{"start":{"line":43,"column":8},"end":{"line":49,"column":9}}],"line":43},"6":{"loc":{"start":{"line":50,"column":8},"end":{"line":55,"column":9}},"type":"if","locations":[{"start":{"line":50,"column":8},"end":{"line":55,"column":9}},{"start":{"line":50,"column":8},"end":{"line":55,"column":9}}],"line":50},"7":{"loc":{"start":{"line":57,"column":8},"end":{"line":66,"column":9}},"type":"if","locations":[{"start":{"line":57,"column":8},"end":{"line":66,"column":9}},{"start":{"line":57,"column":8},"end":{"line":66,"column":9}}],"line":57},"8":{"loc":{"start":{"line":58,"column":12},"end":{"line":65,"column":13}},"type":"if","locations":[{"start":{"line":58,"column":12},"end":{"line":65,"column":13}},{"start":{"line":58,"column":12},"end":{"line":65,"column":13}}],"line":58},"9":{"loc":{"start":{"line":67,"column":8},"end":{"line":78,"column":9}},"type":"if","locations":[{"start":{"line":67,"column":8},"end":{"line":78,"column":9}},{"start":{"line":67,"column":8},"end":{"line":78,"column":9}}],"line":67},"10":{"loc":{"start":{"line":67,"column":12},"end":{"line":67,"column":75}},"type":"binary-expr","locations":[{"start":{"line":67,"column":12},"end":{"line":67,"column":31}},{"start":{"line":67,"column":35},"end":{"line":67,"column":75}}],"line":67}},"s":{"0":1,"1":4,"2":0,"3":4,"4":4,"5":4,"6":0,"7":0,"8":0,"9":0,"10":8,"11":4,"12":1,"13":1,"14":1,"15":1,"16":1,"17":1,"18":1,"19":1,"20":1,"21":1,"22":1,"23":1,"24":2,"25":2,"26":2,"27":0,"28":1,"29":1,"30":2,"31":2,"32":2,"33":2,"34":2,"35":2,"36":2,"37":2,"38":2,"39":4,"40":4,"41":4,"42":2,"43":2,"44":2,"45":2,"46":2,"47":4,"48":4,"49":0,"50":4,"51":4,"52":4,"53":4,"54":4,"55":4,"56":4,"57":4,"58":4,"59":4,"60":4,"61":4,"62":4,"63":4,"64":4,"65":4,"66":4,"67":4,"68":4,"69":2,"70":0,"71":2,"72":0,"73":1,"74":1,"75":1,"76":0},"f":{"0":4,"1":4,"2":0,"3":4,"4":4,"5":0,"6":8,"7":2,"8":2,"9":4,"10":4,"11":4,"12":0,"13":0,"14":1,"15":0},"b":{"0":[1,1,1],"1":[4,0],"2":[4,4],"3":[4,4],"4":[4,4],"5":[2,2],"6":[4,0],"7":[4,0],"8":[4,0],"9":[4,0],"10":[4,4]},"inputSourceMap":{"version":3,"file":"node.js","sourceRoot":"","sources":["../../src/server/node.ts"],"names":[],"mappings":";;;;;;;;;;;AAeA,2BAA0B;AAC1B,yBAAwB;AACxB,+BAA6B;AAC7B,sCAA8B;AAE9B,MAAM,UAAU,GAAG,CAAC,CAAA;AACpB,MAAM,QAAQ,GAAG,OAAO,CAAC,GAAG,CAAC,qBAAqB,CAAC,OAAO,CAAC,QAAQ,EAAE,EAAE,CAAC,CAAA;AACxE,MAAM,MAAM,GAAG,IAAI,gBAAM,EAAE,CAAA;AAC3B,MAAM,SAAS,GAAG,IAAI,aAAS,CAAC,MAAM,CAAC,CAAA;AACvC,MAAM,IAAI,GAAG,OAAO,CAAC,IAAI,CAAC,KAAK,CAAC,CAAC,CAAC,CAAA;AAClC,OAAO,CAAC,GAAG,CAAC,yCAAyC,QAAQ,EAAE,CAAC,CAAA;AAChE,IAAI,CAAC,OAAO,CAAC,CAAC,IAAI,EAAE,EAAE;IAClB,IAAI;QACA,MAAM,MAAM,GAAG,KAAK,OAAO,CAAC,IAAI,CAAS,GAAE,CAAA;QAC3C,MAAM,CAAC,cAAc,CAAC,MAAM,CAAC,CAAA;KAChC;IAAC,OAAO,CAAC,EAAE;QACR,OAAO,CAAC,KAAK,CAAC,CAAC,CAAC,CAAA;KACnB;AACL,CAAC,CAAC,CAAA;AAEF,IAAI,SAAS,GAAG,CAAC,CAAC,CAAA;AAClB,MAAM,MAAM,GAAG,GAAG,CAAC,YAAY,CAAC,CAAC,IAAI,EAAE,EAAE;IACrC,OAAO,CAAC,GAAG,CAAC,kBAAkB,CAAC,CAAA;IAC/B,IAAI,aAAa,GAAG,CAAC,CAAA;IACrB,IAAI,UAAU,GAAW,IAAI,CAAA;IAC7B,IAAI,EAAE,GAAW,IAAI,CAAA;IACrB,IAAI,GAAG,GAAG,MAAM,CAAC,KAAK,CAAC,CAAC,CAAC,CAAA;IACzB,IAAI,IAAI,GAAG,KAAK,CAAA;IAChB,SAAS,EAAE,CAAA;IACX,IAAI,MAAM,GAAG,SAAS,CAAA;IACtB,IAAI,CAAC,EAAE,CAAC,MAAM,EAAE,CAAO,CAAS,EAAE,EAAE;QAChC,OAAO,CAAC,KAAK,CAAC,QAAQ,MAAM,mBAAmB,CAAC,CAAC,MAAM,QAAQ,CAAC,CAAA;QAChE,IAAI,IAAI,EAAE;YAEN,aAAa,GAAG,CAAC,CAAA;YACjB,UAAU,GAAG,IAAI,CAAA;YACjB,EAAE,GAAG,IAAI,CAAA;YACT,GAAG,GAAG,MAAM,CAAC,KAAK,CAAC,CAAC,CAAC,CAAA;YACrB,IAAI,GAAG,KAAK,CAAA;SACf;QACD,IAAI,UAAU,KAAK,IAAI,EAAE;YACrB,GAAG,GAAG,MAAM,CAAC,MAAM,CAAC,CAAC,GAAG,EAAE,CAAC,CAAC,CAAC,CAAA;SAChC;aAAM;YACH,CAAC,CAAC,IAAI,CAAC,GAAG,EAAE,aAAa,CAAC,CAAA;SAC7B;QACD,aAAa,IAAI,CAAC,CAAC,MAAM,CAAA;QACzB,IAAI,UAAU,KAAK,IAAI,EAAE;YACrB,IAAI,aAAa,IAAI,UAAU,EAAE;gBAC7B,EAAE,GAAG,GAAG,CAAC,CAAC,CAAC,CAAA;gBACX,UAAU,GAAG,MAAM,CAAC,IAAI,CAAC,CAAC,CAAC,EAAE,GAAG,CAAC,CAAC,CAAC,EAAE,GAAG,CAAC,CAAC,CAAC,EAAE,GAAG,CAAC,CAAC,CAAC,CAAC,CAAC,CAAC,WAAW,EAAE,CAAA;gBACnE,MAAM,OAAO,GAAG,MAAM,CAAC,KAAK,CAAC,UAAU,CAAC,CAAA;gBACxC,GAAG,CAAC,IAAI,CAAC,OAAO,EAAE,CAAC,EAAE,UAAU,CAAC,CAAA;gBAChC,GAAG,GAAG,OAAO,CAAA;gBACb,OAAO,CAAC,KAAK,CAAC,QAAQ,MAAM,eAAe,EAAE,EAAC,EAAE,EAAE,UAAU,EAAC,CAAC,CAAA;aACjE;SACJ;QACD,IAAI,UAAU,KAAK,IAAI,IAAI,aAAa,IAAI,UAAU,GAAG,UAAU,EAAE;YACjE,IAAI,GAAG,IAAI,CAAA;YACX,MAAM,KAAK,GAAG,MAAM,SAAS,CAAC,QAAQ,CAAC,EAAE,EAAE,GAAG,CAAC,CAAA;YAC/C,MAAM,QAAQ,GAAG,KAAK,CAAC,MAAM,CAAA;YAC7B,MAAM,MAAM,GAAG,MAAM,CAAC,KAAK,CAAC,UAAU,CAAC,CAAA;YACvC,MAAM,CAAC,aAAa,CAAC,QAAQ,EAAE,CAAC,CAAC,CAAA;YACjC,MAAM,CAAC,CAAC,CAAC,GAAG,EAAE,CAAA;YACd,IAAI,CAAC,KAAK,CAAC,MAAM,CAAC,CAAA;YAClB,IAAI,CAAC,KAAK,CAAC,KAAK,EAAE,CAAC,GAAG,EAAE,EAAE;gBACtB,OAAO,CAAC,KAAK,CAAC,GAAG,CAAC,CAAA;YACtB,CAAC,CAAC,CAAA;SACL;IACL,CAAC,CAAA,CAAC,CAAA;IAEF,IAAI,CAAC,EAAE,CAAC,OAAO,EAAE,GAAG,EAAE;QAClB,OAAO,CAAC,KAAK,CAAC,mBAAmB,CAAC,CAAA;IACtC,CAAC,CAAC,CAAA;IAEF,IAAI,CAAC,EAAE,CAAC,OAAO,EAAE,CAAC,GAAG,EAAE,EAAE;QACrB,OAAO,CAAC,KAAK,CAAC,GAAG,CAAC,CAAA;IACtB,CAAC,CAAC,CAAA;AACN,CAAC,CAAC,CAAA;AAEF,MAAM,CAAC,MAAM,CAAC,QAAQ,EAAE,GAAG,EAAE;IACzB,EAAE,CAAC,SAAS,CAAC,QAAQ,EAAE,KAAK,CAAC,CAAA;AACjC,CAAC,CAAC,CAAA;AAEF,OAAO,CAAC,EAAE,CAAC,YAAY,EAAE,GAAG,EAAE;IAE1B,MAAM,CAAC,KAAK,EAAE,CAAA;AAClB,CAAC,CAAC,CAAC"},"_coverageSchema":"1a1c01bbd47fc00a2c39e90264f33305004495a9","hash":"a1d97cb684f61ff6a4688b5f3c6e04af2a5b2e33"},"/usr/local/apisix/javascript-plugin-runner/dist/server/rpc.js":{"path":"/usr/local/apisix/javascript-plugin-runner/dist/server/rpc.js","statementMap":{"0":{"start":{"line":2,"column":16},"end":{"line":10,"column":1}},"1":{"start":{"line":3,"column":28},"end":{"line":3,"column":110}},"2":{"start":{"line":3,"column":91},"end":{"line":3,"column":106}},"3":{"start":{"line":4,"column":4},"end":{"line":9,"column":7}},"4":{"start":{"line":5,"column":36},"end":{"line":5,"column":97}},"5":{"start":{"line":5,"column":42},"end":{"line":5,"column":70}},"6":{"start":{"line":5,"column":85},"end":{"line":5,"column":95}},"7":{"start":{"line":6,"column":35},"end":{"line":6,"column":100}},"8":{"start":{"line":6,"column":41},"end":{"line":6,"column":73}},"9":{"start":{"line":6,"column":88},"end":{"line":6,"column":98}},"10":{"start":{"line":7,"column":32},"end":{"line":7,"column":116}},"11":{"start":{"line":8,"column":8},"end":{"line":8,"column":78}},"12":{"start":{"line":11,"column":0},"end":{"line":11,"column":62}},"13":{"start":{"line":12,"column":14},"end":{"line":12,"column":58}},"14":{"start":{"line":13,"column":15},"end":{"line":13,"column":60}},"15":{"start":{"line":14,"column":14},"end":{"line":14,"column":62}},"16":{"start":{"line":15,"column":15},"end":{"line":15,"column":64}},"17":{"start":{"line":16,"column":15},"end":{"line":16,"column":64}},"18":{"start":{"line":17,"column":18},"end":{"line":17,"column":70}},"19":{"start":{"line":18,"column":17},"end":{"line":18,"column":68}},"20":{"start":{"line":19,"column":17},"end":{"line":19,"column":51}},"21":{"start":{"line":20,"column":22},"end":{"line":20,"column":44}},"22":{"start":{"line":21,"column":21},"end":{"line":21,"column":56}},"23":{"start":{"line":22,"column":18},"end":{"line":22,"column":19}},"24":{"start":{"line":23,"column":25},"end":{"line":23,"column":26}},"25":{"start":{"line":24,"column":26},"end":{"line":24,"column":27}},"26":{"start":{"line":27,"column":8},"end":{"line":27,"column":29}},"27":{"start":{"line":30,"column":8},"end":{"line":44,"column":11}},"28":{"start":{"line":31,"column":28},"end":{"line":31,"column":55}},"29":{"start":{"line":32,"column":24},"end":{"line":32,"column":59}},"30":{"start":{"line":33,"column":12},"end":{"line":42,"column":13}},"31":{"start":{"line":35,"column":20},"end":{"line":35,"column":57}},"32":{"start":{"line":36,"column":20},"end":{"line":36,"column":26}},"33":{"start":{"line":38,"column":20},"end":{"line":38,"column":57}},"34":{"start":{"line":39,"column":20},"end":{"line":39,"column":26}},"35":{"start":{"line":41,"column":20},"end":{"line":41,"column":117}},"36":{"start":{"line":43,"column":12},"end":{"line":43,"column":42}},"37":{"start":{"line":47,"column":8},"end":{"line":61,"column":11}},"38":{"start":{"line":48,"column":24},"end":{"line":48,"column":51}},"39":{"start":{"line":49,"column":25},"end":{"line":49,"column":27}},"40":{"start":{"line":50,"column":12},"end":{"line":55,"column":13}},"41":{"start":{"line":50,"column":25},"end":{"line":50,"column":26}},"42":{"start":{"line":51,"column":29},"end":{"line":51,"column":40}},"43":{"start":{"line":52,"column":29},"end":{"line":52,"column":40}},"44":{"start":{"line":53,"column":30},"end":{"line":53,"column":42}},"45":{"start":{"line":54,"column":16},"end":{"line":54,"column":43}},"46":{"start":{"line":56,"column":30},"end":{"line":56,"column":59}},"47":{"start":{"line":57,"column":12},"end":{"line":57,"column":43}},"48":{"start":{"line":58,"column":12},"end":{"line":58,"column":57}},"49":{"start":{"line":59,"column":12},"end":{"line":59,"column":66}},"50":{"start":{"line":60,"column":12},"end":{"line":60,"column":57}},"51":{"start":{"line":64,"column":8},"end":{"line":93,"column":11}},"52":{"start":{"line":65,"column":24},"end":{"line":65,"column":51}},"53":{"start":{"line":66,"column":28},"end":{"line":73,"column":13}},"54":{"start":{"line":74,"column":12},"end":{"line":76,"column":13}},"55":{"start":{"line":74,"column":25},"end":{"line":74,"column":26}},"56":{"start":{"line":75,"column":16},"end":{"line":75,"column":49}},"57":{"start":{"line":77,"column":12},"end":{"line":79,"column":13}},"58":{"start":{"line":77,"column":25},"end":{"line":77,"column":26}},"59":{"start":{"line":78,"column":16},"end":{"line":78,"column":83}},"60":{"start":{"line":80,"column":12},"end":{"line":82,"column":13}},"61":{"start":{"line":80,"column":25},"end":{"line":80,"column":26}},"62":{"start":{"line":81,"column":16},"end":{"line":81,"column":77}},"63":{"start":{"line":83,"column":30},"end":{"line":83,"column":45}},"64":{"start":{"line":84,"column":41},"end":{"line":84,"column":90}},"65":{"start":{"line":85,"column":25},"end":{"line":85,"column":107}},"66":{"start":{"line":86,"column":29},"end":{"line":86,"column":84}},"67":{"start":{"line":87,"column":12},"end":{"line":87,"column":48}},"68":{"start":{"line":88,"column":12},"end":{"line":88,"column":43}},"69":{"start":{"line":89,"column":12},"end":{"line":89,"column":51}},"70":{"start":{"line":90,"column":12},"end":{"line":90,"column":51}},"71":{"start":{"line":91,"column":12},"end":{"line":91,"column":59}},"72":{"start":{"line":92,"column":12},"end":{"line":92,"column":57}},"73":{"start":{"line":96,"column":8},"end":{"line":98,"column":9}},"74":{"start":{"line":97,"column":12},"end":{"line":97,"column":55}},"75":{"start":{"line":99,"column":24},"end":{"line":99,"column":93}},"76":{"start":{"line":100,"column":28},"end":{"line":100,"column":76}},"77":{"start":{"line":101,"column":26},"end":{"line":101,"column":99}},"78":{"start":{"line":102,"column":8},"end":{"line":102,"column":39}},"79":{"start":{"line":103,"column":8},"end":{"line":103,"column":56}},"80":{"start":{"line":104,"column":8},"end":{"line":106,"column":9}},"81":{"start":{"line":105,"column":12},"end":{"line":105,"column":50}},"82":{"start":{"line":107,"column":8},"end":{"line":109,"column":9}},"83":{"start":{"line":108,"column":12},"end":{"line":108,"column":55}},"84":{"start":{"line":110,"column":8},"end":{"line":110,"column":44}},"85":{"start":{"line":113,"column":21},"end":{"line":113,"column":55}},"86":{"start":{"line":114,"column":34},"end":{"line":114,"column":81}},"87":{"start":{"line":115,"column":26},"end":{"line":115,"column":110}},"88":{"start":{"line":116,"column":32},"end":{"line":116,"column":76}},"89":{"start":{"line":117,"column":24},"end":{"line":117,"column":100}},"90":{"start":{"line":118,"column":8},"end":{"line":118,"column":48}},"91":{"start":{"line":119,"column":8},"end":{"line":119,"column":49}},"92":{"start":{"line":120,"column":8},"end":{"line":122,"column":9}},"93":{"start":{"line":121,"column":12},"end":{"line":121,"column":61}},"94":{"start":{"line":123,"column":8},"end":{"line":125,"column":9}},"95":{"start":{"line":124,"column":12},"end":{"line":124,"column":56}},"96":{"start":{"line":126,"column":8},"end":{"line":126,"column":53}},"97":{"start":{"line":129,"column":28},"end":{"line":129,"column":30}},"98":{"start":{"line":130,"column":8},"end":{"line":139,"column":9}},"99":{"start":{"line":131,"column":12},"end":{"line":138,"column":13}},"100":{"start":{"line":132,"column":29},"end":{"line":132,"column":52}},"101":{"start":{"line":133,"column":30},"end":{"line":133,"column":60}},"102":{"start":{"line":134,"column":16},"end":{"line":134,"column":63}},"103":{"start":{"line":135,"column":16},"end":{"line":135,"column":62}},"104":{"start":{"line":136,"column":16},"end":{"line":136,"column":64}},"105":{"start":{"line":137,"column":16},"end":{"line":137,"column":79}},"106":{"start":{"line":140,"column":8},"end":{"line":140,"column":27}},"107":{"start":{"line":143,"column":18},"end":{"line":159,"column":9}},"108":{"start":{"line":160,"column":8},"end":{"line":160,"column":25}},"109":{"start":{"line":163,"column":0},"end":{"line":163,"column":28}}},"fnMap":{"0":{"name":"(anonymous_0)","decl":{"start":{"line":2,"column":44},"end":{"line":2,"column":45}},"loc":{"start":{"line":2,"column":89},"end":{"line":10,"column":1}},"line":2},"1":{"name":"adopt","decl":{"start":{"line":3,"column":13},"end":{"line":3,"column":18}},"loc":{"start":{"line":3,"column":26},"end":{"line":3,"column":112}},"line":3},"2":{"name":"(anonymous_2)","decl":{"start":{"line":3,"column":70},"end":{"line":3,"column":71}},"loc":{"start":{"line":3,"column":89},"end":{"line":3,"column":108}},"line":3},"3":{"name":"(anonymous_3)","decl":{"start":{"line":4,"column":36},"end":{"line":4,"column":37}},"loc":{"start":{"line":4,"column":63},"end":{"line":9,"column":5}},"line":4},"4":{"name":"fulfilled","decl":{"start":{"line":5,"column":17},"end":{"line":5,"column":26}},"loc":{"start":{"line":5,"column":34},"end":{"line":5,"column":99}},"line":5},"5":{"name":"rejected","decl":{"start":{"line":6,"column":17},"end":{"line":6,"column":25}},"loc":{"start":{"line":6,"column":33},"end":{"line":6,"column":102}},"line":6},"6":{"name":"step","decl":{"start":{"line":7,"column":17},"end":{"line":7,"column":21}},"loc":{"start":{"line":7,"column":30},"end":{"line":7,"column":118}},"line":7},"7":{"name":"(anonymous_7)","decl":{"start":{"line":26,"column":4},"end":{"line":26,"column":5}},"loc":{"start":{"line":26,"column":24},"end":{"line":28,"column":5}},"line":26},"8":{"name":"(anonymous_8)","decl":{"start":{"line":29,"column":4},"end":{"line":29,"column":5}},"loc":{"start":{"line":29,"column":24},"end":{"line":45,"column":5}},"line":29},"9":{"name":"(anonymous_9)","decl":{"start":{"line":30,"column":47},"end":{"line":30,"column":48}},"loc":{"start":{"line":30,"column":60},"end":{"line":44,"column":9}},"line":30},"10":{"name":"(anonymous_10)","decl":{"start":{"line":46,"column":4},"end":{"line":46,"column":5}},"loc":{"start":{"line":46,"column":30},"end":{"line":62,"column":5}},"line":46},"11":{"name":"(anonymous_11)","decl":{"start":{"line":47,"column":47},"end":{"line":47,"column":48}},"loc":{"start":{"line":47,"column":60},"end":{"line":61,"column":9}},"line":47},"12":{"name":"(anonymous_12)","decl":{"start":{"line":63,"column":4},"end":{"line":63,"column":5}},"loc":{"start":{"line":63,"column":30},"end":{"line":94,"column":5}},"line":63},"13":{"name":"(anonymous_13)","decl":{"start":{"line":64,"column":47},"end":{"line":64,"column":48}},"loc":{"start":{"line":64,"column":60},"end":{"line":93,"column":9}},"line":64},"14":{"name":"(anonymous_14)","decl":{"start":{"line":95,"column":4},"end":{"line":95,"column":5}},"loc":{"start":{"line":95,"column":34},"end":{"line":111,"column":5}},"line":95},"15":{"name":"(anonymous_15)","decl":{"start":{"line":112,"column":4},"end":{"line":112,"column":5}},"loc":{"start":{"line":112,"column":36},"end":{"line":127,"column":5}},"line":112},"16":{"name":"(anonymous_16)","decl":{"start":{"line":128,"column":4},"end":{"line":128,"column":5}},"loc":{"start":{"line":128,"column":33},"end":{"line":141,"column":5}},"line":128},"17":{"name":"(anonymous_17)","decl":{"start":{"line":142,"column":4},"end":{"line":142,"column":5}},"loc":{"start":{"line":142,"column":26},"end":{"line":161,"column":5}},"line":142}},"branchMap":{"0":{"loc":{"start":{"line":2,"column":16},"end":{"line":10,"column":1}},"type":"binary-expr","locations":[{"start":{"line":2,"column":17},"end":{"line":2,"column":21}},{"start":{"line":2,"column":25},"end":{"line":2,"column":39}},{"start":{"line":2,"column":44},"end":{"line":10,"column":1}}],"line":2},"1":{"loc":{"start":{"line":3,"column":35},"end":{"line":3,"column":109}},"type":"cond-expr","locations":[{"start":{"line":3,"column":56},"end":{"line":3,"column":61}},{"start":{"line":3,"column":64},"end":{"line":3,"column":109}}],"line":3},"2":{"loc":{"start":{"line":4,"column":16},"end":{"line":4,"column":34}},"type":"binary-expr","locations":[{"start":{"line":4,"column":16},"end":{"line":4,"column":17}},{"start":{"line":4,"column":22},"end":{"line":4,"column":33}}],"line":4},"3":{"loc":{"start":{"line":7,"column":32},"end":{"line":7,"column":115}},"type":"cond-expr","locations":[{"start":{"line":7,"column":46},"end":{"line":7,"column":67}},{"start":{"line":7,"column":70},"end":{"line":7,"column":115}}],"line":7},"4":{"loc":{"start":{"line":8,"column":51},"end":{"line":8,"column":67}},"type":"binary-expr","locations":[{"start":{"line":8,"column":51},"end":{"line":8,"column":61}},{"start":{"line":8,"column":65},"end":{"line":8,"column":67}}],"line":8},"5":{"loc":{"start":{"line":33,"column":12},"end":{"line":42,"column":13}},"type":"switch","locations":[{"start":{"line":34,"column":16},"end":{"line":36,"column":26}},{"start":{"line":37,"column":16},"end":{"line":39,"column":26}},{"start":{"line":40,"column":16},"end":{"line":41,"column":117}}],"line":33},"6":{"loc":{"start":{"line":85,"column":25},"end":{"line":85,"column":107}},"type":"cond-expr","locations":[{"start":{"line":85,"column":34},"end":{"line":85,"column":68}},{"start":{"line":85,"column":71},"end":{"line":85,"column":107}}],"line":85},"7":{"loc":{"start":{"line":86,"column":29},"end":{"line":86,"column":84}},"type":"cond-expr","locations":[{"start":{"line":86,"column":38},"end":{"line":86,"column":58}},{"start":{"line":86,"column":61},"end":{"line":86,"column":84}}],"line":86},"8":{"loc":{"start":{"line":96,"column":8},"end":{"line":98,"column":9}},"type":"if","locations":[{"start":{"line":96,"column":8},"end":{"line":98,"column":9}},{"start":{"line":96,"column":8},"end":{"line":98,"column":9}}],"line":96},"9":{"loc":{"start":{"line":99,"column":24},"end":{"line":99,"column":93}},"type":"binary-expr","locations":[{"start":{"line":99,"column":24},"end":{"line":99,"column":37}},{"start":{"line":99,"column":41},"end":{"line":99,"column":93}}],"line":99},"10":{"loc":{"start":{"line":101,"column":26},"end":{"line":101,"column":99}},"type":"binary-expr","locations":[{"start":{"line":101,"column":26},"end":{"line":101,"column":42}},{"start":{"line":101,"column":46},"end":{"line":101,"column":99}}],"line":101},"11":{"loc":{"start":{"line":104,"column":8},"end":{"line":106,"column":9}},"type":"if","locations":[{"start":{"line":104,"column":8},"end":{"line":106,"column":9}},{"start":{"line":104,"column":8},"end":{"line":106,"column":9}}],"line":104},"12":{"loc":{"start":{"line":107,"column":8},"end":{"line":109,"column":9}},"type":"if","locations":[{"start":{"line":107,"column":8},"end":{"line":109,"column":9}},{"start":{"line":107,"column":8},"end":{"line":109,"column":9}}],"line":107},"13":{"loc":{"start":{"line":115,"column":26},"end":{"line":115,"column":110}},"type":"binary-expr","locations":[{"start":{"line":115,"column":26},"end":{"line":115,"column":41}},{"start":{"line":115,"column":45},"end":{"line":115,"column":110}}],"line":115},"14":{"loc":{"start":{"line":117,"column":24},"end":{"line":117,"column":100}},"type":"binary-expr","locations":[{"start":{"line":117,"column":24},"end":{"line":117,"column":36}},{"start":{"line":117,"column":40},"end":{"line":117,"column":100}}],"line":117},"15":{"loc":{"start":{"line":120,"column":8},"end":{"line":122,"column":9}},"type":"if","locations":[{"start":{"line":120,"column":8},"end":{"line":122,"column":9}},{"start":{"line":120,"column":8},"end":{"line":122,"column":9}}],"line":120},"16":{"loc":{"start":{"line":123,"column":8},"end":{"line":125,"column":9}},"type":"if","locations":[{"start":{"line":123,"column":8},"end":{"line":125,"column":9}},{"start":{"line":123,"column":8},"end":{"line":125,"column":9}}],"line":123},"17":{"loc":{"start":{"line":130,"column":8},"end":{"line":139,"column":9}},"type":"if","locations":[{"start":{"line":130,"column":8},"end":{"line":139,"column":9}},{"start":{"line":130,"column":8},"end":{"line":139,"column":9}}],"line":130}},"s":{"0":1,"1":6,"2":0,"3":8,"4":6,"5":6,"6":0,"7":0,"8":0,"9":0,"10":14,"11":8,"12":1,"13":1,"14":1,"15":1,"16":1,"17":1,"18":1,"19":1,"20":1,"21":1,"22":1,"23":1,"24":1,"25":1,"26":1,"27":4,"28":4,"29":4,"30":4,"31":2,"32":2,"33":2,"34":2,"35":0,"36":4,"37":2,"38":2,"39":2,"40":2,"41":2,"42":2,"43":2,"44":2,"45":2,"46":2,"47":2,"48":2,"49":2,"50":2,"51":2,"52":2,"53":2,"54":2,"55":2,"56":8,"57":2,"58":2,"59":10,"60":2,"61":2,"62":0,"63":2,"64":2,"65":2,"66":2,"67":2,"68":2,"69":2,"70":2,"71":2,"72":2,"73":1,"74":1,"75":1,"76":1,"77":1,"78":1,"79":1,"80":1,"81":1,"82":1,"83":1,"84":1,"85":1,"86":1,"87":1,"88":1,"89":1,"90":1,"91":1,"92":1,"93":1,"94":1,"95":1,"96":1,"97":3,"98":3,"99":3,"100":9,"101":9,"102":9,"103":9,"104":9,"105":9,"106":3,"107":2,"108":2,"109":1},"f":{"0":8,"1":6,"2":0,"3":8,"4":6,"5":0,"6":14,"7":1,"8":4,"9":4,"10":2,"11":2,"12":2,"13":2,"14":1,"15":1,"16":3,"17":2},"b":{"0":[1,1,1],"1":[6,0],"2":[8,8],"3":[8,6],"4":[8,8],"5":[2,2,0],"6":[1,1],"7":[1,1],"8":[1,0],"9":[1,1],"10":[1,1],"11":[1,0],"12":[1,0],"13":[1,1],"14":[1,1],"15":[1,0],"16":[1,0],"17":[3,0]},"inputSourceMap":{"version":3,"file":"rpc.js","sourceRoot":"","sources":["../../src/server/rpc.ts"],"names":[],"mappings":";;;;;;;;;;;AAeA,2DAA6E;AAC7E,6DAAgF;AAChF,+DAAiF;AACjF,iEAAoF;AACpF,iEAA6D;AAC7D,uEAAmE;AACnE,qEAAiE;AACjE,oDAAgD;AAChD,6CAAiD;AAEjD,yDAAoD;AAEpD,MAAM,SAAS,GAAG,CAAC,CAAA;AACnB,MAAM,gBAAgB,GAAG,CAAC,CAAA;AAC1B,MAAM,iBAAiB,GAAG,CAAC,CAAA;AAE3B,MAAM,SAAS;IAIX,YAAY,MAAc;QACtB,IAAI,CAAC,MAAM,GAAG,MAAM,CAAA;IACxB,CAAC;IAEK,QAAQ,CAAC,EAAU,EAAE,KAAiB;;YACxC,MAAM,OAAO,GAAG,IAAI,qBAAO,EAAE,CAAA;YAC7B,MAAM,GAAG,GAAG,IAAI,wBAAU,CAAC,KAAK,CAAC,CAAA;YACjC,QAAQ,EAAE,EAAE;gBACR,KAAK,gBAAgB;oBACjB,MAAM,IAAI,CAAC,WAAW,CAAC,GAAG,EAAE,OAAO,CAAC,CAAA;oBACpC,MAAK;gBACT,KAAK,iBAAiB;oBAClB,MAAM,IAAI,CAAC,WAAW,CAAC,GAAG,EAAE,OAAO,CAAC,CAAA;oBACpC,MAAK;gBACT;oBACI,MAAM,IAAI,KAAK,CAAC,mDAAmD,EAAE,YAAY,KAAK,CAAC,MAAM,EAAE,CAAC,CAAA;aACvG;YACD,OAAO,OAAO,CAAC,YAAY,EAAE,CAAA;QACjC,CAAC;KAAA;IAEK,WAAW,CAAC,GAAe,EAAE,OAAgB;;YAC/C,MAAM,GAAG,GAAG,SAAkB,CAAC,YAAY,CAAC,GAAG,CAAC,CAAA;YAChD,MAAM,IAAI,GAAG,EAAE,CAAC;YAChB,KAAK,IAAI,CAAC,GAAG,CAAC,EAAE,CAAC,GAAG,GAAG,CAAC,UAAU,EAAE,EAAE,CAAC,EAAE,EAAE;gBACvC,MAAM,IAAI,GAAG,GAAG,CAAC,IAAI,CAAC,CAAC,CAAC,CAAA;gBACxB,MAAM,IAAI,GAAG,IAAI,CAAC,IAAI,EAAE,CAAA;gBACxB,MAAM,KAAK,GAAG,IAAI,CAAC,KAAK,EAAE,CAAA;gBAC1B,IAAI,CAAC,IAAI,CAAC,EAAC,IAAI,EAAE,KAAK,EAAC,CAAC,CAAA;aAC3B;YACD,MAAM,SAAS,GAAG,IAAI,CAAC,MAAM,CAAC,WAAW,CAAC,IAAI,CAAC,CAAA;YAC/C,WAAmB,CAAC,SAAS,CAAC,OAAO,CAAC,CAAA;YACtC,WAAmB,CAAC,YAAY,CAAC,OAAO,EAAE,SAAS,CAAC,CAAA;YACpD,OAAO,CAAC,KAAK,CAAC,2BAA2B,SAAS,EAAE,CAAC,CAAA;YACrD,OAAO,CAAC,MAAM,CAAC,WAAmB,CAAC,OAAO,CAAC,OAAO,CAAC,CAAC,CAAA;QACxD,CAAC;KAAA;IAEK,WAAW,CAAC,GAAe,EAAE,OAAgB;;YAC/C,MAAM,GAAG,GAAG,SAAkB,CAAC,YAAY,CAAC,GAAG,CAAC,CAAA;YAChD,MAAM,OAAO,GAAG;gBACZ,EAAE,EAAE,GAAG,CAAC,EAAE,EAAE;gBACZ,IAAI,EAAE,GAAG,CAAC,IAAI,EAAE;gBAChB,OAAO,EAAE,IAAI,GAAG,EAAE;gBAClB,KAAK,EAAE,EAAc;gBACrB,MAAM,EAAE,IAAI,CAAC,aAAa,CAAC,GAAG,CAAC,MAAM,EAAE,CAAC;gBACxC,IAAI,EAAE,IAAI,GAAG,EAAE;aAClB,CAAA;YACD,KAAK,IAAI,CAAC,GAAG,CAAC,EAAE,CAAC,GAAG,GAAG,CAAC,WAAW,EAAE,EAAE,CAAC,EAAE,EAAE;gBACxC,OAAO,CAAC,KAAK,CAAC,IAAI,CAAC,GAAG,CAAC,KAAK,CAAC,CAAC,CAAC,CAAC,CAAA;aACnC;YACD,KAAK,IAAI,CAAC,GAAG,CAAC,EAAE,CAAC,GAAG,GAAG,CAAC,aAAa,EAAE,EAAE,CAAC,EAAE,EAAE;gBAC1C,OAAO,CAAC,OAAO,CAAC,GAAG,CAAC,GAAG,CAAC,OAAO,CAAC,CAAC,CAAC,CAAC,IAAI,EAAE,EAAE,GAAG,CAAC,OAAO,CAAC,CAAC,CAAC,CAAC,KAAK,EAAE,CAAC,CAAA;aACrE;YACD,KAAK,IAAI,CAAC,GAAG,CAAC,EAAE,CAAC,GAAG,GAAG,CAAC,UAAU,EAAE,EAAE,CAAC,EAAE,EAAE;gBACvC,OAAO,CAAC,OAAO,CAAC,GAAG,CAAC,GAAG,CAAC,IAAI,CAAC,CAAC,CAAC,CAAC,IAAI,EAAE,EAAE,GAAG,CAAC,IAAI,CAAC,CAAC,CAAC,CAAC,KAAK,EAAE,CAAC,CAAA;aAC/D;YACD,MAAM,SAAS,GAAG,GAAG,CAAC,SAAS,EAAE,CAAA;YACjC,MAAM,EAAC,MAAM,EAAE,QAAQ,EAAC,GAAG,MAAM,IAAI,CAAC,MAAM,CAAC,WAAW,CAAC,SAAS,EAAE,OAAO,CAAC,CAAA;YAC5E,IAAI,MAAM,GAAG,MAAM,CAAC,CAAC,CAAC,IAAI,CAAC,UAAU,CAAC,OAAO,EAAE,QAAQ,CAAC,CAAC,CAAC,CAAC,IAAI,CAAC,aAAa,CAAC,OAAO,EAAE,OAAO,CAAC,CAAA;YAC/F,IAAI,UAAU,GAAG,MAAM,CAAC,CAAC,CAAC,eAAM,CAAC,IAAI,CAAC,CAAC,CAAC,eAAM,CAAC,OAAO,CAAA;YACtD,OAAO,CAAC,KAAK,CAAC,EAAC,MAAM,EAAE,QAAQ,EAAC,CAAC,CAAA;YACjC,WAAmB,CAAC,SAAS,CAAC,OAAO,CAAC,CAAA;YACtC,WAAmB,CAAC,KAAK,CAAC,OAAO,EAAE,OAAO,CAAC,EAAE,CAAC,CAAA;YAC9C,WAAmB,CAAC,SAAS,CAAC,OAAO,EAAE,MAAM,CAAC,CAAA;YAC9C,WAAmB,CAAC,aAAa,CAAC,OAAO,EAAE,UAAU,CAAC,CAAA;YACtD,OAAO,CAAC,MAAM,CAAC,WAAmB,CAAC,OAAO,CAAC,OAAO,CAAC,CAAC,CAAA;QACxD,CAAC;KAAA;IAES,UAAU,CAAC,OAAgB,EAAE,QAAkB;QACrD,IAAI,OAAO,QAAQ,CAAC,IAAI,KAAK,QAAQ,EAAE;YACnC,QAAQ,CAAC,IAAI,GAAG,MAAM,CAAC,IAAI,CAAC,QAAQ,CAAC,IAAI,CAAC,CAAA;SAC7C;QACD,MAAM,OAAO,GAAG,QAAQ,CAAC,IAAI,IAAI,WAAI,CAAC,gBAAgB,CAAC,OAAO,EAAE,QAAQ,CAAC,IAAI,CAAC,CAAA;QAC9E,MAAM,WAAW,GAAG,IAAI,CAAC,gBAAgB,CAAC,OAAO,EAAE,QAAQ,CAAC,OAAO,CAAC,CAAA;QACpE,MAAM,SAAS,GAAG,QAAQ,CAAC,OAAO,IAAI,WAAI,CAAC,mBAAmB,CAAC,OAAO,EAAE,WAAW,CAAC,CAAA;QACpF,WAAI,CAAC,SAAS,CAAC,OAAO,CAAC,CAAA;QACvB,WAAI,CAAC,SAAS,CAAC,OAAO,EAAE,QAAQ,CAAC,MAAM,CAAC,CAAA;QACxC,IAAI,QAAQ,CAAC,IAAI,EAAE;YACf,WAAI,CAAC,OAAO,CAAC,OAAO,EAAE,OAAO,CAAC,CAAA;SACjC;QACD,IAAI,QAAQ,CAAC,OAAO,EAAE;YAClB,WAAI,CAAC,UAAU,CAAC,OAAO,EAAE,SAAS,CAAC,CAAA;SACtC;QACD,OAAO,WAAI,CAAC,OAAO,CAAC,OAAO,CAAC,CAAA;IAChC,CAAC;IAES,aAAa,CAAC,OAAgB,EAAE,OAAgB;QACtD,MAAM,IAAI,GAAG,OAAO,CAAC,YAAY,CAAC,OAAO,CAAC,IAAI,CAAC,CAAA;QAC/C,MAAM,iBAAiB,GAAG,IAAI,CAAC,gBAAgB,CAAC,OAAO,EAAE,OAAO,CAAC,OAAO,CAAC,CAAA;QACzE,MAAM,SAAS,GAAG,OAAO,CAAC,OAAO,IAAI,iBAAO,CAAC,mBAAmB,CAAC,OAAO,EAAE,iBAAiB,CAAC,CAAA;QAC5F,MAAM,eAAe,GAAG,IAAI,CAAC,gBAAgB,CAAC,OAAO,EAAE,OAAO,CAAC,IAAI,CAAC,CAAA;QACpE,MAAM,OAAO,GAAG,OAAO,CAAC,IAAI,IAAI,iBAAO,CAAC,gBAAgB,CAAC,OAAO,EAAE,eAAe,CAAC,CAAA;QAClF,iBAAO,CAAC,YAAY,CAAC,OAAO,CAAC,CAAA;QAC7B,iBAAO,CAAC,OAAO,CAAC,OAAO,EAAE,IAAI,CAAC,CAAA;QAC9B,IAAI,OAAO,CAAC,OAAO,EAAE;YACjB,iBAAO,CAAC,UAAU,CAAC,OAAO,EAAE,SAAS,CAAC,CAAA;SACzC;QACD,IAAI,OAAO,CAAC,IAAI,EAAE;YACd,iBAAO,CAAC,OAAO,CAAC,OAAO,EAAE,OAAO,CAAC,CAAA;SACpC;QACD,OAAO,iBAAO,CAAC,UAAU,CAAC,OAAO,CAAC,CAAA;IACtC,CAAC;IAES,gBAAgB,CAAC,OAAgB,EAAE,CAAqD;QAC9F,MAAM,WAAW,GAAG,EAAE,CAAA;QACtB,IAAI,CAAC,EAAE;YACH,KAAK,IAAI,CAAC,IAAI,CAAC,CAAC,IAAI,EAAE,EAAE;gBACpB,MAAM,IAAI,GAAG,OAAO,CAAC,YAAY,CAAC,CAAC,CAAC,CAAA;gBACpC,MAAM,KAAK,GAAG,OAAO,CAAC,YAAY,CAAC,CAAC,CAAC,GAAG,CAAC,CAAC,CAAC,CAAC,CAAA;gBAC5C,sBAAS,CAAC,cAAc,CAAC,OAAO,CAAC,CAAA;gBACjC,sBAAS,CAAC,OAAO,CAAC,OAAO,EAAE,IAAI,CAAC,CAAA;gBAChC,sBAAS,CAAC,QAAQ,CAAC,OAAO,EAAE,KAAK,CAAC,CAAA;gBAClC,WAAW,CAAC,IAAI,CAAC,sBAAS,CAAC,YAAY,CAAC,OAAO,CAAC,CAAC,CAAA;aACpD;SACJ;QACD,OAAO,WAAW,CAAA;IACtB,CAAC;IAES,aAAa,CAAC,MAAc;QAClC,MAAM,CAAC,GAAG;YACN,CAAC,eAAM,CAAC,GAAG,CAAC,EAAE,KAAK;YACnB,CAAC,eAAM,CAAC,IAAI,CAAC,EAAE,MAAM;YACrB,CAAC,eAAM,CAAC,IAAI,CAAC,EAAE,MAAM;YACrB,CAAC,eAAM,CAAC,GAAG,CAAC,EAAE,KAAK;YACnB,CAAC,eAAM,CAAC,MAAM,CAAC,EAAE,QAAQ;YACzB,CAAC,eAAM,CAAC,KAAK,CAAC,EAAE,OAAO;YACvB,CAAC,eAAM,CAAC,IAAI,CAAC,EAAE,MAAM;YACrB,CAAC,eAAM,CAAC,IAAI,CAAC,EAAE,MAAM;YACrB,CAAC,eAAM,CAAC,OAAO,CAAC,EAAE,SAAS;YAC3B,CAAC,eAAM,CAAC,QAAQ,CAAC,EAAE,UAAU;YAC7B,CAAC,eAAM,CAAC,SAAS,CAAC,EAAE,WAAW;YAC/B,CAAC,eAAM,CAAC,IAAI,CAAC,EAAE,MAAM;YACrB,CAAC,eAAM,CAAC,MAAM,CAAC,EAAE,QAAQ;YACzB,CAAC,eAAM,CAAC,KAAK,CAAC,EAAE,OAAO;YACvB,CAAC,eAAM,CAAC,KAAK,CAAC,EAAE,OAAO;SAC1B,CAAA;QACD,OAAO,CAAC,CAAC,MAAM,CAAC,CAAC;IACrB,CAAC;CACJ;AAED,kBAAe,SAAS,CAAA"},"_coverageSchema":"1a1c01bbd47fc00a2c39e90264f33305004495a9","hash":"cc65176ff9a1212dc0107de429dd55802f9d4e67"},"/usr/local/apisix/javascript-plugin-runner/dist/ext-plugin/a6/prepare-conf/req.js":{"path":"/usr/local/apisix/javascript-plugin-runner/dist/ext-plugin/a6/prepare-conf/req.js","statementMap":{"0":{"start":{"line":2,"column":0},"end":{"line":2,"column":62}},"1":{"start":{"line":3,"column":0},"end":{"line":3,"column":21}},"2":{"start":{"line":4,"column":20},"end":{"line":4,"column":42}},"3":{"start":{"line":5,"column":21},"end":{"line":5,"column":51}},"4":{"start":{"line":8,"column":8},"end":{"line":8,"column":23}},"5":{"start":{"line":9,"column":8},"end":{"line":9,"column":24}},"6":{"start":{"line":12,"column":8},"end":{"line":12,"column":24}},"7":{"start":{"line":13,"column":8},"end":{"line":13,"column":21}},"8":{"start":{"line":14,"column":8},"end":{"line":14,"column":20}},"9":{"start":{"line":17,"column":8},"end":{"line":17,"column":90}},"10":{"start":{"line":20,"column":8},"end":{"line":20,"column":71}},"11":{"start":{"line":21,"column":8},"end":{"line":21,"column":90}},"12":{"start":{"line":24,"column":23},"end":{"line":24,"column":55}},"13":{"start":{"line":25,"column":8},"end":{"line":25,"column":157}},"14":{"start":{"line":28,"column":23},"end":{"line":28,"column":55}},"15":{"start":{"line":29,"column":8},"end":{"line":29,"column":71}},"16":{"start":{"line":32,"column":8},"end":{"line":32,"column":31}},"17":{"start":{"line":35,"column":8},"end":{"line":35,"column":49}},"18":{"start":{"line":38,"column":8},"end":{"line":38,"column":47}},"19":{"start":{"line":39,"column":8},"end":{"line":41,"column":9}},"20":{"start":{"line":39,"column":21},"end":{"line":39,"column":36}},"21":{"start":{"line":40,"column":12},"end":{"line":40,"column":39}},"22":{"start":{"line":42,"column":8},"end":{"line":42,"column":35}},"23":{"start":{"line":45,"column":8},"end":{"line":45,"column":44}},"24":{"start":{"line":48,"column":23},"end":{"line":48,"column":42}},"25":{"start":{"line":49,"column":8},"end":{"line":49,"column":22}},"26":{"start":{"line":52,"column":8},"end":{"line":52,"column":30}},"27":{"start":{"line":53,"column":8},"end":{"line":53,"column":41}},"28":{"start":{"line":54,"column":8},"end":{"line":54,"column":35}},"29":{"start":{"line":57,"column":0},"end":{"line":57,"column":18}}},"fnMap":{"0":{"name":"(anonymous_0)","decl":{"start":{"line":7,"column":4},"end":{"line":7,"column":5}},"loc":{"start":{"line":7,"column":18},"end":{"line":10,"column":5}},"line":7},"1":{"name":"(anonymous_1)","decl":{"start":{"line":11,"column":4},"end":{"line":11,"column":5}},"loc":{"start":{"line":11,"column":18},"end":{"line":15,"column":5}},"line":11},"2":{"name":"(anonymous_2)","decl":{"start":{"line":16,"column":4},"end":{"line":16,"column":5}},"loc":{"start":{"line":16,"column":33},"end":{"line":18,"column":5}},"line":16},"3":{"name":"(anonymous_3)","decl":{"start":{"line":19,"column":4},"end":{"line":19,"column":5}},"loc":{"start":{"line":19,"column":45},"end":{"line":22,"column":5}},"line":19},"4":{"name":"(anonymous_4)","decl":{"start":{"line":23,"column":4},"end":{"line":23,"column":5}},"loc":{"start":{"line":23,"column":21},"end":{"line":26,"column":5}},"line":23},"5":{"name":"(anonymous_5)","decl":{"start":{"line":27,"column":4},"end":{"line":27,"column":5}},"loc":{"start":{"line":27,"column":17},"end":{"line":30,"column":5}},"line":27},"6":{"name":"(anonymous_6)","decl":{"start":{"line":31,"column":4},"end":{"line":31,"column":5}},"loc":{"start":{"line":31,"column":29},"end":{"line":33,"column":5}},"line":31},"7":{"name":"(anonymous_7)","decl":{"start":{"line":34,"column":4},"end":{"line":34,"column":5}},"loc":{"start":{"line":34,"column":40},"end":{"line":36,"column":5}},"line":34},"8":{"name":"(anonymous_8)","decl":{"start":{"line":37,"column":4},"end":{"line":37,"column":5}},"loc":{"start":{"line":37,"column":43},"end":{"line":43,"column":5}},"line":37},"9":{"name":"(anonymous_9)","decl":{"start":{"line":44,"column":4},"end":{"line":44,"column":5}},"loc":{"start":{"line":44,"column":46},"end":{"line":46,"column":5}},"line":44},"10":{"name":"(anonymous_10)","decl":{"start":{"line":47,"column":4},"end":{"line":47,"column":5}},"loc":{"start":{"line":47,"column":27},"end":{"line":50,"column":5}},"line":47},"11":{"name":"(anonymous_11)","decl":{"start":{"line":51,"column":4},"end":{"line":51,"column":5}},"loc":{"start":{"line":51,"column":42},"end":{"line":55,"column":5}},"line":51}},"branchMap":{"0":{"loc":{"start":{"line":17,"column":16},"end":{"line":17,"column":32}},"type":"binary-expr","locations":[{"start":{"line":17,"column":16},"end":{"line":17,"column":19}},{"start":{"line":17,"column":23},"end":{"line":17,"column":32}}],"line":17},"1":{"loc":{"start":{"line":21,"column":16},"end":{"line":21,"column":32}},"type":"binary-expr","locations":[{"start":{"line":21,"column":16},"end":{"line":21,"column":19}},{"start":{"line":21,"column":23},"end":{"line":21,"column":32}}],"line":21},"2":{"loc":{"start":{"line":25,"column":15},"end":{"line":25,"column":156}},"type":"cond-expr","locations":[{"start":{"line":25,"column":24},"end":{"line":25,"column":149}},{"start":{"line":25,"column":152},"end":{"line":25,"column":156}}],"line":25},"3":{"loc":{"start":{"line":25,"column":25},"end":{"line":25,"column":60}},"type":"binary-expr","locations":[{"start":{"line":25,"column":25},"end":{"line":25,"column":28}},{"start":{"line":25,"column":32},"end":{"line":25,"column":60}}],"line":25},"4":{"loc":{"start":{"line":29,"column":15},"end":{"line":29,"column":70}},"type":"cond-expr","locations":[{"start":{"line":29,"column":24},"end":{"line":29,"column":66}},{"start":{"line":29,"column":69},"end":{"line":29,"column":70}}],"line":29}},"s":{"0":1,"1":1,"2":1,"3":1,"4":2,"5":2,"6":2,"7":2,"8":2,"9":2,"10":0,"11":0,"12":2,"13":2,"14":4,"15":4,"16":0,"17":0,"18":0,"19":0,"20":0,"21":0,"22":0,"23":0,"24":0,"25":0,"26":0,"27":0,"28":0,"29":1},"f":{"0":2,"1":2,"2":2,"3":0,"4":2,"5":4,"6":0,"7":0,"8":0,"9":0,"10":0,"11":0},"b":{"0":[2,2],"1":[0,0],"2":[2,0],"3":[2,2],"4":[4,0]},"inputSourceMap":{"version":3,"file":"req.js","sourceRoot":"","sources":["../../../../src/ext-plugin/a6/prepare-conf/req.ts"],"names":[],"mappings":";;;AAEA,2CAA2C;AAE3C,oDAAgD;AAGhD,MAAa,GAAG;IAAhB;QACE,OAAE,GAAgC,IAAI,CAAC;QACvC,WAAM,GAAG,CAAC,CAAC;IAwDb,CAAC;IAvDD,MAAM,CAAC,CAAQ,EAAE,EAAyB;QACxC,IAAI,CAAC,MAAM,GAAG,CAAC,CAAC;QAChB,IAAI,CAAC,EAAE,GAAG,EAAE,CAAC;QACb,OAAO,IAAI,CAAC;IACd,CAAC;IAED,MAAM,CAAC,YAAY,CAAC,EAAyB,EAAE,GAAQ;QACrD,OAAO,CAAC,GAAG,IAAI,IAAI,GAAG,EAAE,CAAC,CAAC,MAAM,CAAC,EAAE,CAAC,SAAS,CAAC,EAAE,CAAC,QAAQ,EAAE,CAAC,GAAG,EAAE,CAAC,QAAQ,EAAE,EAAE,EAAE,CAAC,CAAC;IACpF,CAAC;IAED,MAAM,CAAC,wBAAwB,CAAC,EAAyB,EAAE,GAAQ;QACjE,EAAE,CAAC,WAAW,CAAC,EAAE,CAAC,QAAQ,EAAE,GAAG,WAAW,CAAC,kBAAkB,CAAC,CAAC;QAC/D,OAAO,CAAC,GAAG,IAAI,IAAI,GAAG,EAAE,CAAC,CAAC,MAAM,CAAC,EAAE,CAAC,SAAS,CAAC,EAAE,CAAC,QAAQ,EAAE,CAAC,GAAG,EAAE,CAAC,QAAQ,EAAE,EAAE,EAAE,CAAC,CAAC;IACpF,CAAC;IAED,IAAI,CAAC,KAAa,EAAE,GAAc;QAChC,MAAM,MAAM,GAAG,IAAI,CAAC,EAAG,CAAC,QAAQ,CAAC,IAAI,CAAC,MAAM,EAAE,CAAC,CAAC,CAAC;QACjD,OAAO,MAAM,CAAC,CAAC,CAAC,CAAC,GAAG,IAAI,IAAI,sBAAS,EAAE,CAAC,CAAC,MAAM,CAAC,IAAI,CAAC,EAAG,CAAC,UAAU,CAAC,IAAI,CAAC,EAAG,CAAC,QAAQ,CAAC,IAAI,CAAC,MAAM,GAAG,MAAM,CAAC,GAAG,KAAK,GAAG,CAAC,CAAC,EAAE,IAAI,CAAC,EAAG,CAAC,CAAC,CAAC,CAAC,IAAI,CAAC;IAC7I,CAAC;IAED,UAAU;QACR,MAAM,MAAM,GAAG,IAAI,CAAC,EAAG,CAAC,QAAQ,CAAC,IAAI,CAAC,MAAM,EAAE,CAAC,CAAC,CAAC;QACjD,OAAO,MAAM,CAAC,CAAC,CAAC,IAAI,CAAC,EAAG,CAAC,YAAY,CAAC,IAAI,CAAC,MAAM,GAAG,MAAM,CAAC,CAAC,CAAC,CAAC,CAAC,CAAC;IAClE,CAAC;IAED,MAAM,CAAC,QAAQ,CAAC,OAA2B;QACzC,OAAO,CAAC,WAAW,CAAC,CAAC,CAAC,CAAC;IACzB,CAAC;IAED,MAAM,CAAC,OAAO,CAAC,OAA2B,EAAE,UAA6B;QACvE,OAAO,CAAC,cAAc,CAAC,CAAC,EAAE,UAAU,EAAE,CAAC,CAAC,CAAC;IAC3C,CAAC;IAED,MAAM,CAAC,gBAAgB,CAAC,OAA2B,EAAE,IAAyB;QAC5E,OAAO,CAAC,WAAW,CAAC,CAAC,EAAE,IAAI,CAAC,MAAM,EAAE,CAAC,CAAC,CAAC;QACvC,KAAK,IAAI,CAAC,GAAG,IAAI,CAAC,MAAM,GAAG,CAAC,EAAE,CAAC,IAAI,CAAC,EAAE,CAAC,EAAE,EAAE;YACzC,OAAO,CAAC,SAAS,CAAC,IAAI,CAAC,CAAC,CAAE,CAAC,CAAC;SAC7B;QACD,OAAO,OAAO,CAAC,SAAS,EAAE,CAAC;IAC7B,CAAC;IAED,MAAM,CAAC,eAAe,CAAC,OAA2B,EAAE,QAAe;QACjE,OAAO,CAAC,WAAW,CAAC,CAAC,EAAE,QAAQ,EAAE,CAAC,CAAC,CAAC;IACtC,CAAC;IAED,MAAM,CAAC,MAAM,CAAC,OAA2B;QACvC,MAAM,MAAM,GAAG,OAAO,CAAC,SAAS,EAAE,CAAC;QACnC,OAAO,MAAM,CAAC;IAChB,CAAC;IAED,MAAM,CAAC,SAAS,CAAC,OAA2B,EAAE,UAA6B;QACzE,GAAG,CAAC,QAAQ,CAAC,OAAO,CAAC,CAAC;QACtB,GAAG,CAAC,OAAO,CAAC,OAAO,EAAE,UAAU,CAAC,CAAC;QACjC,OAAO,GAAG,CAAC,MAAM,CAAC,OAAO,CAAC,CAAC;IAC7B,CAAC;CACA;AA1DD,kBA0DC"},"_coverageSchema":"1a1c01bbd47fc00a2c39e90264f33305004495a9","hash":"6522eaf4f4c335493c91f739f048aaee6cceae2a"},"/usr/local/apisix/javascript-plugin-runner/dist/ext-plugin/a6/text-entry.js":{"path":"/usr/local/apisix/javascript-plugin-runner/dist/ext-plugin/a6/text-entry.js","statementMap":{"0":{"start":{"line":2,"column":0},"end":{"line":2,"column":62}},"1":{"start":{"line":3,"column":0},"end":{"line":3,"column":27}},"2":{"start":{"line":4,"column":20},"end":{"line":4,"column":42}},"3":{"start":{"line":7,"column":8},"end":{"line":7,"column":23}},"4":{"start":{"line":8,"column":8},"end":{"line":8,"column":24}},"5":{"start":{"line":11,"column":8},"end":{"line":11,"column":24}},"6":{"start":{"line":12,"column":8},"end":{"line":12,"column":21}},"7":{"start":{"line":13,"column":8},"end":{"line":13,"column":20}},"8":{"start":{"line":16,"column":8},"end":{"line":16,"column":96}},"9":{"start":{"line":19,"column":8},"end":{"line":19,"column":71}},"10":{"start":{"line":20,"column":8},"end":{"line":20,"column":96}},"11":{"start":{"line":23,"column":23},"end":{"line":23,"column":55}},"12":{"start":{"line":24,"column":8},"end":{"line":24,"column":88}},"13":{"start":{"line":27,"column":23},"end":{"line":27,"column":55}},"14":{"start":{"line":28,"column":8},"end":{"line":28,"column":88}},"15":{"start":{"line":31,"column":8},"end":{"line":31,"column":31}},"16":{"start":{"line":34,"column":8},"end":{"line":34,"column":49}},"17":{"start":{"line":37,"column":8},"end":{"line":37,"column":50}},"18":{"start":{"line":40,"column":23},"end":{"line":40,"column":42}},"19":{"start":{"line":41,"column":8},"end":{"line":41,"column":22}},"20":{"start":{"line":44,"column":8},"end":{"line":44,"column":42}},"21":{"start":{"line":45,"column":8},"end":{"line":45,"column":47}},"22":{"start":{"line":46,"column":8},"end":{"line":46,"column":49}},"23":{"start":{"line":47,"column":8},"end":{"line":47,"column":47}},"24":{"start":{"line":50,"column":0},"end":{"line":50,"column":30}}},"fnMap":{"0":{"name":"(anonymous_0)","decl":{"start":{"line":6,"column":4},"end":{"line":6,"column":5}},"loc":{"start":{"line":6,"column":18},"end":{"line":9,"column":5}},"line":6},"1":{"name":"(anonymous_1)","decl":{"start":{"line":10,"column":4},"end":{"line":10,"column":5}},"loc":{"start":{"line":10,"column":18},"end":{"line":14,"column":5}},"line":10},"2":{"name":"(anonymous_2)","decl":{"start":{"line":15,"column":4},"end":{"line":15,"column":5}},"loc":{"start":{"line":15,"column":39},"end":{"line":17,"column":5}},"line":15},"3":{"name":"(anonymous_3)","decl":{"start":{"line":18,"column":4},"end":{"line":18,"column":5}},"loc":{"start":{"line":18,"column":51},"end":{"line":21,"column":5}},"line":18},"4":{"name":"(anonymous_4)","decl":{"start":{"line":22,"column":4},"end":{"line":22,"column":5}},"loc":{"start":{"line":22,"column":27},"end":{"line":25,"column":5}},"line":22},"5":{"name":"(anonymous_5)","decl":{"start":{"line":26,"column":4},"end":{"line":26,"column":5}},"loc":{"start":{"line":26,"column":28},"end":{"line":29,"column":5}},"line":26},"6":{"name":"(anonymous_6)","decl":{"start":{"line":30,"column":4},"end":{"line":30,"column":5}},"loc":{"start":{"line":30,"column":35},"end":{"line":32,"column":5}},"line":30},"7":{"name":"(anonymous_7)","decl":{"start":{"line":33,"column":4},"end":{"line":33,"column":5}},"loc":{"start":{"line":33,"column":40},"end":{"line":35,"column":5}},"line":33},"8":{"name":"(anonymous_8)","decl":{"start":{"line":36,"column":4},"end":{"line":36,"column":5}},"loc":{"start":{"line":36,"column":42},"end":{"line":38,"column":5}},"line":36},"9":{"name":"(anonymous_9)","decl":{"start":{"line":39,"column":4},"end":{"line":39,"column":5}},"loc":{"start":{"line":39,"column":33},"end":{"line":42,"column":5}},"line":39},"10":{"name":"(anonymous_10)","decl":{"start":{"line":43,"column":4},"end":{"line":43,"column":5}},"loc":{"start":{"line":43,"column":61},"end":{"line":48,"column":5}},"line":43}},"branchMap":{"0":{"loc":{"start":{"line":16,"column":16},"end":{"line":16,"column":38}},"type":"binary-expr","locations":[{"start":{"line":16,"column":16},"end":{"line":16,"column":19}},{"start":{"line":16,"column":23},"end":{"line":16,"column":38}}],"line":16},"1":{"loc":{"start":{"line":20,"column":16},"end":{"line":20,"column":38}},"type":"binary-expr","locations":[{"start":{"line":20,"column":16},"end":{"line":20,"column":19}},{"start":{"line":20,"column":23},"end":{"line":20,"column":38}}],"line":20},"2":{"loc":{"start":{"line":24,"column":15},"end":{"line":24,"column":87}},"type":"cond-expr","locations":[{"start":{"line":24,"column":24},"end":{"line":24,"column":80}},{"start":{"line":24,"column":83},"end":{"line":24,"column":87}}],"line":24},"3":{"loc":{"start":{"line":28,"column":15},"end":{"line":28,"column":87}},"type":"cond-expr","locations":[{"start":{"line":28,"column":24},"end":{"line":28,"column":80}},{"start":{"line":28,"column":83},"end":{"line":28,"column":87}}],"line":28}},"s":{"0":1,"1":1,"2":1,"3":22,"4":22,"5":22,"6":22,"7":22,"8":0,"9":0,"10":0,"11":12,"12":12,"13":12,"14":12,"15":9,"16":9,"17":9,"18":9,"19":9,"20":0,"21":0,"22":0,"23":0,"24":1},"f":{"0":22,"1":22,"2":0,"3":0,"4":12,"5":12,"6":9,"7":9,"8":9,"9":9,"10":0},"b":{"0":[0,0],"1":[0,0],"2":[12,0],"3":[12,0]},"inputSourceMap":{"version":3,"file":"text-entry.js","sourceRoot":"","sources":["../../../src/ext-plugin/a6/text-entry.ts"],"names":[],"mappings":";;;AAEA,2CAA2C;AAE3C,MAAa,SAAS;IAAtB;QACE,OAAE,GAAgC,IAAI,CAAC;QACvC,WAAM,GAAG,CAAC,CAAC;IAqDb,CAAC;IApDD,MAAM,CAAC,CAAQ,EAAE,EAAyB;QACxC,IAAI,CAAC,MAAM,GAAG,CAAC,CAAC;QAChB,IAAI,CAAC,EAAE,GAAG,EAAE,CAAC;QACb,OAAO,IAAI,CAAC;IACd,CAAC;IAED,MAAM,CAAC,kBAAkB,CAAC,EAAyB,EAAE,GAAc;QACjE,OAAO,CAAC,GAAG,IAAI,IAAI,SAAS,EAAE,CAAC,CAAC,MAAM,CAAC,EAAE,CAAC,SAAS,CAAC,EAAE,CAAC,QAAQ,EAAE,CAAC,GAAG,EAAE,CAAC,QAAQ,EAAE,EAAE,EAAE,CAAC,CAAC;IAC1F,CAAC;IAED,MAAM,CAAC,8BAA8B,CAAC,EAAyB,EAAE,GAAc;QAC7E,EAAE,CAAC,WAAW,CAAC,EAAE,CAAC,QAAQ,EAAE,GAAG,WAAW,CAAC,kBAAkB,CAAC,CAAC;QAC/D,OAAO,CAAC,GAAG,IAAI,IAAI,SAAS,EAAE,CAAC,CAAC,MAAM,CAAC,EAAE,CAAC,SAAS,CAAC,EAAE,CAAC,QAAQ,EAAE,CAAC,GAAG,EAAE,CAAC,QAAQ,EAAE,EAAE,EAAE,CAAC,CAAC;IAC1F,CAAC;IAID,IAAI,CAAC,gBAAqB;QACxB,MAAM,MAAM,GAAG,IAAI,CAAC,EAAG,CAAC,QAAQ,CAAC,IAAI,CAAC,MAAM,EAAE,CAAC,CAAC,CAAC;QACjD,OAAO,MAAM,CAAC,CAAC,CAAC,IAAI,CAAC,EAAG,CAAC,QAAQ,CAAC,IAAI,CAAC,MAAM,GAAG,MAAM,EAAE,gBAAgB,CAAC,CAAC,CAAC,CAAC,IAAI,CAAC;IACnF,CAAC;IAID,KAAK,CAAC,gBAAqB;QACzB,MAAM,MAAM,GAAG,IAAI,CAAC,EAAG,CAAC,QAAQ,CAAC,IAAI,CAAC,MAAM,EAAE,CAAC,CAAC,CAAC;QACjD,OAAO,MAAM,CAAC,CAAC,CAAC,IAAI,CAAC,EAAG,CAAC,QAAQ,CAAC,IAAI,CAAC,MAAM,GAAG,MAAM,EAAE,gBAAgB,CAAC,CAAC,CAAC,CAAC,IAAI,CAAC;IACnF,CAAC;IAED,MAAM,CAAC,cAAc,CAAC,OAA2B;QAC/C,OAAO,CAAC,WAAW,CAAC,CAAC,CAAC,CAAC;IACzB,CAAC;IAED,MAAM,CAAC,OAAO,CAAC,OAA2B,EAAE,UAA6B;QACvE,OAAO,CAAC,cAAc,CAAC,CAAC,EAAE,UAAU,EAAE,CAAC,CAAC,CAAC;IAC3C,CAAC;IAED,MAAM,CAAC,QAAQ,CAAC,OAA2B,EAAE,WAA8B;QACzE,OAAO,CAAC,cAAc,CAAC,CAAC,EAAE,WAAW,EAAE,CAAC,CAAC,CAAC;IAC5C,CAAC;IAED,MAAM,CAAC,YAAY,CAAC,OAA2B;QAC7C,MAAM,MAAM,GAAG,OAAO,CAAC,SAAS,EAAE,CAAC;QACnC,OAAO,MAAM,CAAC;IAChB,CAAC;IAED,MAAM,CAAC,eAAe,CAAC,OAA2B,EAAE,UAA6B,EAAE,WAA8B;QAC/G,SAAS,CAAC,cAAc,CAAC,OAAO,CAAC,CAAC;QAClC,SAAS,CAAC,OAAO,CAAC,OAAO,EAAE,UAAU,CAAC,CAAC;QACvC,SAAS,CAAC,QAAQ,CAAC,OAAO,EAAE,WAAW,CAAC,CAAC;QACzC,OAAO,SAAS,CAAC,YAAY,CAAC,OAAO,CAAC,CAAC;IACzC,CAAC;CACA;AAvDD,8BAuDC"},"_coverageSchema":"1a1c01bbd47fc00a2c39e90264f33305004495a9","hash":"91808e2ed0042a415e5c3761cce401884edd4f6e"},"/usr/local/apisix/javascript-plugin-runner/dist/ext-plugin/a6/prepare-conf/resp.js":{"path":"/usr/local/apisix/javascript-plugin-runner/dist/ext-plugin/a6/prepare-conf/resp.js","statementMap":{"0":{"start":{"line":2,"column":0},"end":{"line":2,"column":62}},"1":{"start":{"line":3,"column":0},"end":{"line":3,"column":22}},"2":{"start":{"line":4,"column":20},"end":{"line":4,"column":42}},"3":{"start":{"line":7,"column":8},"end":{"line":7,"column":23}},"4":{"start":{"line":8,"column":8},"end":{"line":8,"column":24}},"5":{"start":{"line":11,"column":8},"end":{"line":11,"column":24}},"6":{"start":{"line":12,"column":8},"end":{"line":12,"column":21}},"7":{"start":{"line":13,"column":8},"end":{"line":13,"column":20}},"8":{"start":{"line":16,"column":8},"end":{"line":16,"column":91}},"9":{"start":{"line":19,"column":8},"end":{"line":19,"column":71}},"10":{"start":{"line":20,"column":8},"end":{"line":20,"column":91}},"11":{"start":{"line":23,"column":23},"end":{"line":23,"column":55}},"12":{"start":{"line":24,"column":8},"end":{"line":24,"column":69}},"13":{"start":{"line":27,"column":8},"end":{"line":27,"column":31}},"14":{"start":{"line":30,"column":8},"end":{"line":30,"column":47}},"15":{"start":{"line":33,"column":23},"end":{"line":33,"column":42}},"16":{"start":{"line":34,"column":8},"end":{"line":34,"column":22}},"17":{"start":{"line":37,"column":8},"end":{"line":37,"column":32}},"18":{"start":{"line":38,"column":8},"end":{"line":38,"column":46}},"19":{"start":{"line":39,"column":8},"end":{"line":39,"column":37}},"20":{"start":{"line":42,"column":0},"end":{"line":42,"column":20}}},"fnMap":{"0":{"name":"(anonymous_0)","decl":{"start":{"line":6,"column":4},"end":{"line":6,"column":5}},"loc":{"start":{"line":6,"column":18},"end":{"line":9,"column":5}},"line":6},"1":{"name":"(anonymous_1)","decl":{"start":{"line":10,"column":4},"end":{"line":10,"column":5}},"loc":{"start":{"line":10,"column":18},"end":{"line":14,"column":5}},"line":10},"2":{"name":"(anonymous_2)","decl":{"start":{"line":15,"column":4},"end":{"line":15,"column":5}},"loc":{"start":{"line":15,"column":34},"end":{"line":17,"column":5}},"line":15},"3":{"name":"(anonymous_3)","decl":{"start":{"line":18,"column":4},"end":{"line":18,"column":5}},"loc":{"start":{"line":18,"column":46},"end":{"line":21,"column":5}},"line":18},"4":{"name":"(anonymous_4)","decl":{"start":{"line":22,"column":4},"end":{"line":22,"column":5}},"loc":{"start":{"line":22,"column":16},"end":{"line":25,"column":5}},"line":22},"5":{"name":"(anonymous_5)","decl":{"start":{"line":26,"column":4},"end":{"line":26,"column":5}},"loc":{"start":{"line":26,"column":30},"end":{"line":28,"column":5}},"line":26},"6":{"name":"(anonymous_6)","decl":{"start":{"line":29,"column":4},"end":{"line":29,"column":5}},"loc":{"start":{"line":29,"column":44},"end":{"line":31,"column":5}},"line":29},"7":{"name":"(anonymous_7)","decl":{"start":{"line":32,"column":4},"end":{"line":32,"column":5}},"loc":{"start":{"line":32,"column":28},"end":{"line":35,"column":5}},"line":32},"8":{"name":"(anonymous_8)","decl":{"start":{"line":36,"column":4},"end":{"line":36,"column":5}},"loc":{"start":{"line":36,"column":42},"end":{"line":40,"column":5}},"line":36}},"branchMap":{"0":{"loc":{"start":{"line":16,"column":16},"end":{"line":16,"column":33}},"type":"binary-expr","locations":[{"start":{"line":16,"column":16},"end":{"line":16,"column":19}},{"start":{"line":16,"column":23},"end":{"line":16,"column":33}}],"line":16},"1":{"loc":{"start":{"line":20,"column":16},"end":{"line":20,"column":33}},"type":"binary-expr","locations":[{"start":{"line":20,"column":16},"end":{"line":20,"column":19}},{"start":{"line":20,"column":23},"end":{"line":20,"column":33}}],"line":20},"2":{"loc":{"start":{"line":24,"column":15},"end":{"line":24,"column":68}},"type":"cond-expr","locations":[{"start":{"line":24,"column":24},"end":{"line":24,"column":64}},{"start":{"line":24,"column":67},"end":{"line":24,"column":68}}],"line":24}},"s":{"0":1,"1":1,"2":1,"3":0,"4":0,"5":0,"6":0,"7":0,"8":0,"9":0,"10":0,"11":0,"12":0,"13":2,"14":2,"15":2,"16":2,"17":0,"18":0,"19":0,"20":1},"f":{"0":0,"1":0,"2":0,"3":0,"4":0,"5":2,"6":2,"7":2,"8":0},"b":{"0":[0,0],"1":[0,0],"2":[0,0]},"inputSourceMap":{"version":3,"file":"resp.js","sourceRoot":"","sources":["../../../../src/ext-plugin/a6/prepare-conf/resp.ts"],"names":[],"mappings":";;;AAEA,2CAA2C;AAE3C,MAAa,IAAI;IAAjB;QACE,OAAE,GAAgC,IAAI,CAAC;QACvC,WAAM,GAAG,CAAC,CAAC;IAuCb,CAAC;IAtCD,MAAM,CAAC,CAAQ,EAAE,EAAyB;QACxC,IAAI,CAAC,MAAM,GAAG,CAAC,CAAC;QAChB,IAAI,CAAC,EAAE,GAAG,EAAE,CAAC;QACb,OAAO,IAAI,CAAC;IACd,CAAC;IAED,MAAM,CAAC,aAAa,CAAC,EAAyB,EAAE,GAAS;QACvD,OAAO,CAAC,GAAG,IAAI,IAAI,IAAI,EAAE,CAAC,CAAC,MAAM,CAAC,EAAE,CAAC,SAAS,CAAC,EAAE,CAAC,QAAQ,EAAE,CAAC,GAAG,EAAE,CAAC,QAAQ,EAAE,EAAE,EAAE,CAAC,CAAC;IACrF,CAAC;IAED,MAAM,CAAC,yBAAyB,CAAC,EAAyB,EAAE,GAAS;QACnE,EAAE,CAAC,WAAW,CAAC,EAAE,CAAC,QAAQ,EAAE,GAAG,WAAW,CAAC,kBAAkB,CAAC,CAAC;QAC/D,OAAO,CAAC,GAAG,IAAI,IAAI,IAAI,EAAE,CAAC,CAAC,MAAM,CAAC,EAAE,CAAC,SAAS,CAAC,EAAE,CAAC,QAAQ,EAAE,CAAC,GAAG,EAAE,CAAC,QAAQ,EAAE,EAAE,EAAE,CAAC,CAAC;IACrF,CAAC;IAED,SAAS;QACP,MAAM,MAAM,GAAG,IAAI,CAAC,EAAG,CAAC,QAAQ,CAAC,IAAI,CAAC,MAAM,EAAE,CAAC,CAAC,CAAC;QACjD,OAAO,MAAM,CAAC,CAAC,CAAC,IAAI,CAAC,EAAG,CAAC,UAAU,CAAC,IAAI,CAAC,MAAM,GAAG,MAAM,CAAC,CAAC,CAAC,CAAC,CAAC,CAAC;IAChE,CAAC;IAED,MAAM,CAAC,SAAS,CAAC,OAA2B;QAC1C,OAAO,CAAC,WAAW,CAAC,CAAC,CAAC,CAAC;IACzB,CAAC;IAED,MAAM,CAAC,YAAY,CAAC,OAA2B,EAAE,SAAgB;QAC/D,OAAO,CAAC,aAAa,CAAC,CAAC,EAAE,SAAS,EAAE,CAAC,CAAC,CAAC;IACzC,CAAC;IAED,MAAM,CAAC,OAAO,CAAC,OAA2B;QACxC,MAAM,MAAM,GAAG,OAAO,CAAC,SAAS,EAAE,CAAC;QACnC,OAAO,MAAM,CAAC;IAChB,CAAC;IAED,MAAM,CAAC,UAAU,CAAC,OAA2B,EAAE,SAAgB;QAC7D,IAAI,CAAC,SAAS,CAAC,OAAO,CAAC,CAAC;QACxB,IAAI,CAAC,YAAY,CAAC,OAAO,EAAE,SAAS,CAAC,CAAC;QACtC,OAAO,IAAI,CAAC,OAAO,CAAC,OAAO,CAAC,CAAC;IAC/B,CAAC;CACA;AAzCD,oBAyCC"},"_coverageSchema":"1a1c01bbd47fc00a2c39e90264f33305004495a9","hash":"8f503b6a8c78e752ae3c09100a930de4b4129cbd"},"/usr/local/apisix/javascript-plugin-runner/dist/ext-plugin/a6/h-t-t-p-req-call/req.js":{"path":"/usr/local/apisix/javascript-plugin-runner/dist/ext-plugin/a6/h-t-t-p-req-call/req.js","statementMap":{"0":{"start":{"line":2,"column":0},"end":{"line":2,"column":62}},"1":{"start":{"line":3,"column":0},"end":{"line":3,"column":21}},"2":{"start":{"line":4,"column":20},"end":{"line":4,"column":42}},"3":{"start":{"line":5,"column":21},"end":{"line":5,"column":51}},"4":{"start":{"line":6,"column":17},"end":{"line":6,"column":43}},"5":{"start":{"line":7,"column":21},"end":{"line":7,"column":51}},"6":{"start":{"line":10,"column":8},"end":{"line":10,"column":23}},"7":{"start":{"line":11,"column":8},"end":{"line":11,"column":24}},"8":{"start":{"line":14,"column":8},"end":{"line":14,"column":24}},"9":{"start":{"line":15,"column":8},"end":{"line":15,"column":21}},"10":{"start":{"line":16,"column":8},"end":{"line":16,"column":20}},"11":{"start":{"line":19,"column":8},"end":{"line":19,"column":90}},"12":{"start":{"line":22,"column":8},"end":{"line":22,"column":71}},"13":{"start":{"line":23,"column":8},"end":{"line":23,"column":90}},"14":{"start":{"line":26,"column":23},"end":{"line":26,"column":55}},"15":{"start":{"line":27,"column":8},"end":{"line":27,"column":69}},"16":{"start":{"line":30,"column":23},"end":{"line":30,"column":55}},"17":{"start":{"line":31,"column":8},"end":{"line":31,"column":94}},"18":{"start":{"line":34,"column":23},"end":{"line":34,"column":55}},"19":{"start":{"line":35,"column":8},"end":{"line":35,"column":71}},"20":{"start":{"line":38,"column":23},"end":{"line":38,"column":55}},"21":{"start":{"line":39,"column":8},"end":{"line":39,"column":183}},"22":{"start":{"line":42,"column":23},"end":{"line":42,"column":55}},"23":{"start":{"line":43,"column":8},"end":{"line":43,"column":86}},"24":{"start":{"line":46,"column":23},"end":{"line":46,"column":56}},"25":{"start":{"line":47,"column":8},"end":{"line":47,"column":88}},"26":{"start":{"line":50,"column":23},"end":{"line":50,"column":56}},"27":{"start":{"line":51,"column":8},"end":{"line":51,"column":157}},"28":{"start":{"line":54,"column":23},"end":{"line":54,"column":56}},"29":{"start":{"line":55,"column":8},"end":{"line":55,"column":71}},"30":{"start":{"line":58,"column":23},"end":{"line":58,"column":56}},"31":{"start":{"line":59,"column":8},"end":{"line":59,"column":157}},"32":{"start":{"line":62,"column":23},"end":{"line":62,"column":56}},"33":{"start":{"line":63,"column":8},"end":{"line":63,"column":71}},"34":{"start":{"line":66,"column":23},"end":{"line":66,"column":56}},"35":{"start":{"line":67,"column":8},"end":{"line":67,"column":69}},"36":{"start":{"line":70,"column":23},"end":{"line":70,"column":56}},"37":{"start":{"line":71,"column":8},"end":{"line":71,"column":157}},"38":{"start":{"line":74,"column":23},"end":{"line":74,"column":56}},"39":{"start":{"line":75,"column":8},"end":{"line":75,"column":71}},"40":{"start":{"line":78,"column":8},"end":{"line":78,"column":31}},"41":{"start":{"line":81,"column":8},"end":{"line":81,"column":40}},"42":{"start":{"line":84,"column":8},"end":{"line":84,"column":50}},"43":{"start":{"line":87,"column":8},"end":{"line":87,"column":47}},"44":{"start":{"line":88,"column":8},"end":{"line":90,"column":9}},"45":{"start":{"line":88,"column":21},"end":{"line":88,"column":36}},"46":{"start":{"line":89,"column":12},"end":{"line":89,"column":37}},"47":{"start":{"line":91,"column":8},"end":{"line":91,"column":35}},"48":{"start":{"line":94,"column":8},"end":{"line":94,"column":44}},"49":{"start":{"line":97,"column":8},"end":{"line":97,"column":61}},"50":{"start":{"line":100,"column":8},"end":{"line":100,"column":49}},"51":{"start":{"line":103,"column":8},"end":{"line":103,"column":49}},"52":{"start":{"line":106,"column":8},"end":{"line":106,"column":47}},"53":{"start":{"line":107,"column":8},"end":{"line":109,"column":9}},"54":{"start":{"line":107,"column":21},"end":{"line":107,"column":36}},"55":{"start":{"line":108,"column":12},"end":{"line":108,"column":39}},"56":{"start":{"line":110,"column":8},"end":{"line":110,"column":35}},"57":{"start":{"line":113,"column":8},"end":{"line":113,"column":44}},"58":{"start":{"line":116,"column":8},"end":{"line":116,"column":52}},"59":{"start":{"line":119,"column":8},"end":{"line":119,"column":47}},"60":{"start":{"line":120,"column":8},"end":{"line":122,"column":9}},"61":{"start":{"line":120,"column":21},"end":{"line":120,"column":36}},"62":{"start":{"line":121,"column":12},"end":{"line":121,"column":39}},"63":{"start":{"line":123,"column":8},"end":{"line":123,"column":35}},"64":{"start":{"line":126,"column":8},"end":{"line":126,"column":44}},"65":{"start":{"line":129,"column":8},"end":{"line":129,"column":47}},"66":{"start":{"line":132,"column":8},"end":{"line":132,"column":54}},"67":{"start":{"line":135,"column":8},"end":{"line":135,"column":47}},"68":{"start":{"line":136,"column":8},"end":{"line":138,"column":9}},"69":{"start":{"line":136,"column":21},"end":{"line":136,"column":36}},"70":{"start":{"line":137,"column":12},"end":{"line":137,"column":39}},"71":{"start":{"line":139,"column":8},"end":{"line":139,"column":35}},"72":{"start":{"line":142,"column":8},"end":{"line":142,"column":44}},"73":{"start":{"line":145,"column":23},"end":{"line":145,"column":42}},"74":{"start":{"line":146,"column":8},"end":{"line":146,"column":22}},"75":{"start":{"line":149,"column":8},"end":{"line":149,"column":30}},"76":{"start":{"line":150,"column":8},"end":{"line":150,"column":31}},"77":{"start":{"line":151,"column":8},"end":{"line":151,"column":43}},"78":{"start":{"line":152,"column":8},"end":{"line":152,"column":39}},"79":{"start":{"line":153,"column":8},"end":{"line":153,"column":41}},"80":{"start":{"line":154,"column":8},"end":{"line":154,"column":41}},"81":{"start":{"line":155,"column":8},"end":{"line":155,"column":47}},"82":{"start":{"line":156,"column":8},"end":{"line":156,"column":45}},"83":{"start":{"line":157,"column":8},"end":{"line":157,"column":51}},"84":{"start":{"line":158,"column":8},"end":{"line":158,"column":35}},"85":{"start":{"line":161,"column":0},"end":{"line":161,"column":18}}},"fnMap":{"0":{"name":"(anonymous_0)","decl":{"start":{"line":9,"column":4},"end":{"line":9,"column":5}},"loc":{"start":{"line":9,"column":18},"end":{"line":12,"column":5}},"line":9},"1":{"name":"(anonymous_1)","decl":{"start":{"line":13,"column":4},"end":{"line":13,"column":5}},"loc":{"start":{"line":13,"column":18},"end":{"line":17,"column":5}},"line":13},"2":{"name":"(anonymous_2)","decl":{"start":{"line":18,"column":4},"end":{"line":18,"column":5}},"loc":{"start":{"line":18,"column":33},"end":{"line":20,"column":5}},"line":18},"3":{"name":"(anonymous_3)","decl":{"start":{"line":21,"column":4},"end":{"line":21,"column":5}},"loc":{"start":{"line":21,"column":45},"end":{"line":24,"column":5}},"line":21},"4":{"name":"(anonymous_4)","decl":{"start":{"line":25,"column":4},"end":{"line":25,"column":5}},"loc":{"start":{"line":25,"column":9},"end":{"line":28,"column":5}},"line":25},"5":{"name":"(anonymous_5)","decl":{"start":{"line":29,"column":4},"end":{"line":29,"column":5}},"loc":{"start":{"line":29,"column":17},"end":{"line":32,"column":5}},"line":29},"6":{"name":"(anonymous_6)","decl":{"start":{"line":33,"column":4},"end":{"line":33,"column":5}},"loc":{"start":{"line":33,"column":18},"end":{"line":36,"column":5}},"line":33},"7":{"name":"(anonymous_7)","decl":{"start":{"line":37,"column":4},"end":{"line":37,"column":5}},"loc":{"start":{"line":37,"column":17},"end":{"line":40,"column":5}},"line":37},"8":{"name":"(anonymous_8)","decl":{"start":{"line":41,"column":4},"end":{"line":41,"column":5}},"loc":{"start":{"line":41,"column":13},"end":{"line":44,"column":5}},"line":41},"9":{"name":"(anonymous_9)","decl":{"start":{"line":45,"column":4},"end":{"line":45,"column":5}},"loc":{"start":{"line":45,"column":27},"end":{"line":48,"column":5}},"line":45},"10":{"name":"(anonymous_10)","decl":{"start":{"line":49,"column":4},"end":{"line":49,"column":5}},"loc":{"start":{"line":49,"column":21},"end":{"line":52,"column":5}},"line":49},"11":{"name":"(anonymous_11)","decl":{"start":{"line":53,"column":4},"end":{"line":53,"column":5}},"loc":{"start":{"line":53,"column":17},"end":{"line":56,"column":5}},"line":53},"12":{"name":"(anonymous_12)","decl":{"start":{"line":57,"column":4},"end":{"line":57,"column":5}},"loc":{"start":{"line":57,"column":24},"end":{"line":60,"column":5}},"line":57},"13":{"name":"(anonymous_13)","decl":{"start":{"line":61,"column":4},"end":{"line":61,"column":5}},"loc":{"start":{"line":61,"column":20},"end":{"line":64,"column":5}},"line":61},"14":{"name":"(anonymous_14)","decl":{"start":{"line":65,"column":4},"end":{"line":65,"column":5}},"loc":{"start":{"line":65,"column":16},"end":{"line":68,"column":5}},"line":65},"15":{"name":"(anonymous_15)","decl":{"start":{"line":69,"column":4},"end":{"line":69,"column":5}},"loc":{"start":{"line":69,"column":26},"end":{"line":72,"column":5}},"line":69},"16":{"name":"(anonymous_16)","decl":{"start":{"line":73,"column":4},"end":{"line":73,"column":5}},"loc":{"start":{"line":73,"column":22},"end":{"line":76,"column":5}},"line":73},"17":{"name":"(anonymous_17)","decl":{"start":{"line":77,"column":4},"end":{"line":77,"column":5}},"loc":{"start":{"line":77,"column":29},"end":{"line":79,"column":5}},"line":77},"18":{"name":"(anonymous_18)","decl":{"start":{"line":80,"column":4},"end":{"line":80,"column":5}},"loc":{"start":{"line":80,"column":30},"end":{"line":82,"column":5}},"line":80},"19":{"name":"(anonymous_19)","decl":{"start":{"line":83,"column":4},"end":{"line":83,"column":5}},"loc":{"start":{"line":83,"column":42},"end":{"line":85,"column":5}},"line":83},"20":{"name":"(anonymous_20)","decl":{"start":{"line":86,"column":4},"end":{"line":86,"column":5}},"loc":{"start":{"line":86,"column":44},"end":{"line":92,"column":5}},"line":86},"21":{"name":"(anonymous_21)","decl":{"start":{"line":93,"column":4},"end":{"line":93,"column":5}},"loc":{"start":{"line":93,"column":47},"end":{"line":95,"column":5}},"line":93},"22":{"name":"(anonymous_22)","decl":{"start":{"line":96,"column":4},"end":{"line":96,"column":5}},"loc":{"start":{"line":96,"column":38},"end":{"line":98,"column":5}},"line":96},"23":{"name":"(anonymous_23)","decl":{"start":{"line":99,"column":4},"end":{"line":99,"column":5}},"loc":{"start":{"line":99,"column":40},"end":{"line":101,"column":5}},"line":99},"24":{"name":"(anonymous_24)","decl":{"start":{"line":102,"column":4},"end":{"line":102,"column":5}},"loc":{"start":{"line":102,"column":40},"end":{"line":104,"column":5}},"line":102},"25":{"name":"(anonymous_25)","decl":{"start":{"line":105,"column":4},"end":{"line":105,"column":5}},"loc":{"start":{"line":105,"column":43},"end":{"line":111,"column":5}},"line":105},"26":{"name":"(anonymous_26)","decl":{"start":{"line":112,"column":4},"end":{"line":112,"column":5}},"loc":{"start":{"line":112,"column":46},"end":{"line":114,"column":5}},"line":112},"27":{"name":"(anonymous_27)","decl":{"start":{"line":115,"column":4},"end":{"line":115,"column":5}},"loc":{"start":{"line":115,"column":46},"end":{"line":117,"column":5}},"line":115},"28":{"name":"(anonymous_28)","decl":{"start":{"line":118,"column":4},"end":{"line":118,"column":5}},"loc":{"start":{"line":118,"column":46},"end":{"line":124,"column":5}},"line":118},"29":{"name":"(anonymous_29)","decl":{"start":{"line":125,"column":4},"end":{"line":125,"column":5}},"loc":{"start":{"line":125,"column":49},"end":{"line":127,"column":5}},"line":125},"30":{"name":"(anonymous_30)","decl":{"start":{"line":128,"column":4},"end":{"line":128,"column":5}},"loc":{"start":{"line":128,"column":44},"end":{"line":130,"column":5}},"line":128},"31":{"name":"(anonymous_31)","decl":{"start":{"line":131,"column":4},"end":{"line":131,"column":5}},"loc":{"start":{"line":131,"column":50},"end":{"line":133,"column":5}},"line":131},"32":{"name":"(anonymous_32)","decl":{"start":{"line":134,"column":4},"end":{"line":134,"column":5}},"loc":{"start":{"line":134,"column":48},"end":{"line":140,"column":5}},"line":134},"33":{"name":"(anonymous_33)","decl":{"start":{"line":141,"column":4},"end":{"line":141,"column":5}},"loc":{"start":{"line":141,"column":51},"end":{"line":143,"column":5}},"line":141},"34":{"name":"(anonymous_34)","decl":{"start":{"line":144,"column":4},"end":{"line":144,"column":5}},"loc":{"start":{"line":144,"column":27},"end":{"line":147,"column":5}},"line":144},"35":{"name":"(anonymous_35)","decl":{"start":{"line":148,"column":4},"end":{"line":148,"column":5}},"loc":{"start":{"line":148,"column":122},"end":{"line":159,"column":5}},"line":148}},"branchMap":{"0":{"loc":{"start":{"line":19,"column":16},"end":{"line":19,"column":32}},"type":"binary-expr","locations":[{"start":{"line":19,"column":16},"end":{"line":19,"column":19}},{"start":{"line":19,"column":23},"end":{"line":19,"column":32}}],"line":19},"1":{"loc":{"start":{"line":23,"column":16},"end":{"line":23,"column":32}},"type":"binary-expr","locations":[{"start":{"line":23,"column":16},"end":{"line":23,"column":19}},{"start":{"line":23,"column":23},"end":{"line":23,"column":32}}],"line":23},"2":{"loc":{"start":{"line":27,"column":15},"end":{"line":27,"column":68}},"type":"cond-expr","locations":[{"start":{"line":27,"column":24},"end":{"line":27,"column":64}},{"start":{"line":27,"column":67},"end":{"line":27,"column":68}}],"line":27},"3":{"loc":{"start":{"line":31,"column":15},"end":{"line":31,"column":93}},"type":"cond-expr","locations":[{"start":{"line":31,"column":24},"end":{"line":31,"column":89}},{"start":{"line":31,"column":92},"end":{"line":31,"column":93}}],"line":31},"4":{"loc":{"start":{"line":35,"column":15},"end":{"line":35,"column":70}},"type":"cond-expr","locations":[{"start":{"line":35,"column":24},"end":{"line":35,"column":66}},{"start":{"line":35,"column":69},"end":{"line":35,"column":70}}],"line":35},"5":{"loc":{"start":{"line":39,"column":15},"end":{"line":39,"column":182}},"type":"cond-expr","locations":[{"start":{"line":39,"column":24},"end":{"line":39,"column":175}},{"start":{"line":39,"column":178},"end":{"line":39,"column":182}}],"line":39},"6":{"loc":{"start":{"line":43,"column":15},"end":{"line":43,"column":85}},"type":"cond-expr","locations":[{"start":{"line":43,"column":24},"end":{"line":43,"column":63}},{"start":{"line":43,"column":66},"end":{"line":43,"column":85}}],"line":43},"7":{"loc":{"start":{"line":47,"column":15},"end":{"line":47,"column":87}},"type":"cond-expr","locations":[{"start":{"line":47,"column":24},"end":{"line":47,"column":80}},{"start":{"line":47,"column":83},"end":{"line":47,"column":87}}],"line":47},"8":{"loc":{"start":{"line":51,"column":15},"end":{"line":51,"column":156}},"type":"cond-expr","locations":[{"start":{"line":51,"column":24},"end":{"line":51,"column":149}},{"start":{"line":51,"column":152},"end":{"line":51,"column":156}}],"line":51},"9":{"loc":{"start":{"line":51,"column":25},"end":{"line":51,"column":60}},"type":"binary-expr","locations":[{"start":{"line":51,"column":25},"end":{"line":51,"column":28}},{"start":{"line":51,"column":32},"end":{"line":51,"column":60}}],"line":51},"10":{"loc":{"start":{"line":55,"column":15},"end":{"line":55,"column":70}},"type":"cond-expr","locations":[{"start":{"line":55,"column":24},"end":{"line":55,"column":66}},{"start":{"line":55,"column":69},"end":{"line":55,"column":70}}],"line":55},"11":{"loc":{"start":{"line":59,"column":15},"end":{"line":59,"column":156}},"type":"cond-expr","locations":[{"start":{"line":59,"column":24},"end":{"line":59,"column":149}},{"start":{"line":59,"column":152},"end":{"line":59,"column":156}}],"line":59},"12":{"loc":{"start":{"line":59,"column":25},"end":{"line":59,"column":60}},"type":"binary-expr","locations":[{"start":{"line":59,"column":25},"end":{"line":59,"column":28}},{"start":{"line":59,"column":32},"end":{"line":59,"column":60}}],"line":59},"13":{"loc":{"start":{"line":63,"column":15},"end":{"line":63,"column":70}},"type":"cond-expr","locations":[{"start":{"line":63,"column":24},"end":{"line":63,"column":66}},{"start":{"line":63,"column":69},"end":{"line":63,"column":70}}],"line":63},"14":{"loc":{"start":{"line":67,"column":15},"end":{"line":67,"column":68}},"type":"cond-expr","locations":[{"start":{"line":67,"column":24},"end":{"line":67,"column":64}},{"start":{"line":67,"column":67},"end":{"line":67,"column":68}}],"line":67},"15":{"loc":{"start":{"line":71,"column":15},"end":{"line":71,"column":156}},"type":"cond-expr","locations":[{"start":{"line":71,"column":24},"end":{"line":71,"column":149}},{"start":{"line":71,"column":152},"end":{"line":71,"column":156}}],"line":71},"16":{"loc":{"start":{"line":71,"column":25},"end":{"line":71,"column":60}},"type":"binary-expr","locations":[{"start":{"line":71,"column":25},"end":{"line":71,"column":28}},{"start":{"line":71,"column":32},"end":{"line":71,"column":60}}],"line":71},"17":{"loc":{"start":{"line":75,"column":15},"end":{"line":75,"column":70}},"type":"cond-expr","locations":[{"start":{"line":75,"column":24},"end":{"line":75,"column":66}},{"start":{"line":75,"column":69},"end":{"line":75,"column":70}}],"line":75}},"s":{"0":1,"1":1,"2":1,"3":1,"4":1,"5":1,"6":2,"7":2,"8":2,"9":2,"10":2,"11":2,"12":0,"13":0,"14":2,"15":2,"16":8,"17":8,"18":10,"19":10,"20":0,"21":0,"22":2,"23":2,"24":2,"25":2,"26":0,"27":0,"28":2,"29":2,"30":20,"31":20,"32":12,"33":12,"34":2,"35":2,"36":0,"37":0,"38":0,"39":0,"40":0,"41":0,"42":0,"43":0,"44":0,"45":0,"46":0,"47":0,"48":0,"49":0,"50":0,"51":0,"52":0,"53":0,"54":0,"55":0,"56":0,"57":0,"58":0,"59":0,"60":0,"61":0,"62":0,"63":0,"64":0,"65":0,"66":0,"67":0,"68":0,"69":0,"70":0,"71":0,"72":0,"73":0,"74":0,"75":0,"76":0,"77":0,"78":0,"79":0,"80":0,"81":0,"82":0,"83":0,"84":0,"85":1},"f":{"0":2,"1":2,"2":2,"3":0,"4":2,"5":8,"6":10,"7":0,"8":2,"9":2,"10":0,"11":2,"12":20,"13":12,"14":2,"15":0,"16":0,"17":0,"18":0,"19":0,"20":0,"21":0,"22":0,"23":0,"24":0,"25":0,"26":0,"27":0,"28":0,"29":0,"30":0,"31":0,"32":0,"33":0,"34":0,"35":0},"b":{"0":[2,2],"1":[0,0],"2":[2,0],"3":[8,0],"4":[10,0],"5":[0,0],"6":[0,2],"7":[2,0],"8":[0,0],"9":[0,0],"10":[2,0],"11":[20,0],"12":[20,20],"13":[12,0],"14":[2,0],"15":[0,0],"16":[0,0],"17":[0,0]},"inputSourceMap":{"version":3,"file":"req.js","sourceRoot":"","sources":["../../../../src/ext-plugin/a6/h-t-t-p-req-call/req.ts"],"names":[],"mappings":";;;AAEA,2CAA2C;AAE3C,oDAAgD;AAChD,4CAAyC;AACzC,oDAAgD;AAGhD,MAAa,GAAG;IAAhB;QACE,OAAE,GAAgC,IAAI,CAAC;QACvC,WAAM,GAAG,CAAC,CAAC;IAwLb,CAAC;IAvLD,MAAM,CAAC,CAAQ,EAAE,EAAyB;QACxC,IAAI,CAAC,MAAM,GAAG,CAAC,CAAC;QAChB,IAAI,CAAC,EAAE,GAAG,EAAE,CAAC;QACb,OAAO,IAAI,CAAC;IACd,CAAC;IAED,MAAM,CAAC,YAAY,CAAC,EAAyB,EAAE,GAAQ;QACrD,OAAO,CAAC,GAAG,IAAI,IAAI,GAAG,EAAE,CAAC,CAAC,MAAM,CAAC,EAAE,CAAC,SAAS,CAAC,EAAE,CAAC,QAAQ,EAAE,CAAC,GAAG,EAAE,CAAC,QAAQ,EAAE,EAAE,EAAE,CAAC,CAAC;IACpF,CAAC;IAED,MAAM,CAAC,wBAAwB,CAAC,EAAyB,EAAE,GAAQ;QACjE,EAAE,CAAC,WAAW,CAAC,EAAE,CAAC,QAAQ,EAAE,GAAG,WAAW,CAAC,kBAAkB,CAAC,CAAC;QAC/D,OAAO,CAAC,GAAG,IAAI,IAAI,GAAG,EAAE,CAAC,CAAC,MAAM,CAAC,EAAE,CAAC,SAAS,CAAC,EAAE,CAAC,QAAQ,EAAE,CAAC,GAAG,EAAE,CAAC,QAAQ,EAAE,EAAE,EAAE,CAAC,CAAC;IACpF,CAAC;IAED,EAAE;QACA,MAAM,MAAM,GAAG,IAAI,CAAC,EAAG,CAAC,QAAQ,CAAC,IAAI,CAAC,MAAM,EAAE,CAAC,CAAC,CAAC;QACjD,OAAO,MAAM,CAAC,CAAC,CAAC,IAAI,CAAC,EAAG,CAAC,UAAU,CAAC,IAAI,CAAC,MAAM,GAAG,MAAM,CAAC,CAAC,CAAC,CAAC,CAAC,CAAC;IAChE,CAAC;IAED,KAAK,CAAC,KAAa;QACjB,MAAM,MAAM,GAAG,IAAI,CAAC,EAAG,CAAC,QAAQ,CAAC,IAAI,CAAC,MAAM,EAAE,CAAC,CAAC,CAAC;QACjD,OAAO,MAAM,CAAC,CAAC,CAAC,IAAI,CAAC,EAAG,CAAC,SAAS,CAAC,IAAI,CAAC,EAAG,CAAC,QAAQ,CAAC,IAAI,CAAC,MAAM,GAAG,MAAM,CAAC,GAAG,KAAK,CAAC,CAAC,CAAC,CAAC,CAAC,CAAC;IAC1F,CAAC;IAED,WAAW;QACT,MAAM,MAAM,GAAG,IAAI,CAAC,EAAG,CAAC,QAAQ,CAAC,IAAI,CAAC,MAAM,EAAE,CAAC,CAAC,CAAC;QACjD,OAAO,MAAM,CAAC,CAAC,CAAC,IAAI,CAAC,EAAG,CAAC,YAAY,CAAC,IAAI,CAAC,MAAM,GAAG,MAAM,CAAC,CAAC,CAAC,CAAC,CAAC,CAAC;IAClE,CAAC;IAED,UAAU;QACR,MAAM,MAAM,GAAG,IAAI,CAAC,EAAG,CAAC,QAAQ,CAAC,IAAI,CAAC,MAAM,EAAE,CAAC,CAAC,CAAC;QACjD,OAAO,MAAM,CAAC,CAAC,CAAC,IAAI,UAAU,CAAC,IAAI,CAAC,EAAG,CAAC,KAAK,EAAE,CAAC,MAAM,EAAE,IAAI,CAAC,EAAG,CAAC,KAAK,EAAE,CAAC,UAAU,GAAG,IAAI,CAAC,EAAG,CAAC,QAAQ,CAAC,IAAI,CAAC,MAAM,GAAG,MAAM,CAAC,EAAE,IAAI,CAAC,EAAG,CAAC,YAAY,CAAC,IAAI,CAAC,MAAM,GAAG,MAAM,CAAC,CAAC,CAAC,CAAC,CAAC,IAAI,CAAC;IACrL,CAAC;IAED,MAAM;QACJ,MAAM,MAAM,GAAG,IAAI,CAAC,EAAG,CAAC,QAAQ,CAAC,IAAI,CAAC,MAAM,EAAE,CAAC,CAAC,CAAC;QACjD,OAAO,MAAM,CAAC,CAAC,CAAC,IAAI,CAAC,EAAG,CAAC,SAAS,CAAC,IAAI,CAAC,MAAM,GAAG,MAAM,CAAC,CAAC,CAAC,CAAC,eAAM,CAAC,GAAG,CAAC;IACxE,CAAC;IAID,IAAI,CAAC,gBAAqB;QACxB,MAAM,MAAM,GAAG,IAAI,CAAC,EAAG,CAAC,QAAQ,CA
[...]
GAAG,IAAI,CAAC,EAAG,CAAC,QAAQ,CAAC,IAAI,CAAC,MAAM,EAAE,CAAC,CAAC,CAAC;QACjD,OAAO,MAAM,CAAC,CAAC,CAAC,IAAI,CAAC,EAAG,CAAC,YAAY,CAAC,IAAI,CAAC,MAAM,GAAG,MAAM,CAAC,CAAC,CAAC,CAAC,CAAC,CAAC;IAClE,CAAC;IAED,IAAI,CAAC,KAAa;QAChB,MAAM,MAAM,GAAG,IAAI,CAAC,EAAG,CAAC,QAAQ,CAAC,IAAI,CAAC,MAAM,EAAE,CAAC,CAAC,CAAC;QACjD,OAAO,MAAM,CAAC,CAAC,CAAC,IAAI,CAAC,EAAG,CAAC,SAAS,CAAC,IAAI,CAAC,EAAG,CAAC,QAAQ,CAAC,IAAI,CAAC,MAAM,GAAG,MAAM,CAAC,GAAG,KAAK,CAAC,CAAC,CAAC,CAAC,CAAC,CAAC;IAC1F,CAAC;IAED,UAAU;QACR,MAAM,MAAM,GAAG,IAAI,CAAC,EAAG,CAAC,QAAQ,CAAC,IAAI,CAAC,MAAM,EAAE,CAAC,CAAC,CAAC;QACjD,OAAO,MAAM,CAAC,CAAC,CAAC,IAAI,CAAC,EAAG,CAAC,YAAY,CAAC,IAAI,CAAC,MAAM,GAAG,MAAM,CAAC,CAAC,CAAC,CAAC,CAAC,CAAC;IAClE,CAAC;IAED,SAAS;QACP,MAAM,MAAM,GAAG,IAAI,CAAC,EAAG,CAAC,QAAQ,CAAC,IAAI,CAAC,MAAM,EAAE,CAAC,CAAC,CAAC;QACjD,OAAO,MAAM,CAAC,CAAC,CAAC,IAAI,UAAU,CAAC,IAAI,CAAC,EAAG,CAAC,KAAK,EAAE,CAAC,MAAM,EAAE,IAAI,CAAC,EAAG,CAAC,KAAK,EAAE,CAAC,UAAU,GAAG,IAAI,CAAC,EAAG,CAAC,QAAQ,CAAC,IAAI,CAAC,MAAM,GAAG,MAAM,CAAC,EAAE,IAAI,CAAC,EAAG,CAAC,YAAY,CAAC,IAAI,CAAC,MAAM,GAAG,MAAM,CAAC,CAAC,CAAC,CAAC,CAAC,IAAI,CAAC;IACrL,CAAC;IAED,MAAM,CAAC,SAAS,CAAC,OAA2B;QAC1C,OAAO,CAAC,WAAW,CAAC,CAAC,CAAC,CAAC;IACzB,CAAC;IAED,MAAM,CAAC,SAAS,CAAC,OAA2B,EAAE,MAAa;QACzD,OAAO,CAAC,aAAa,CAAC,CAAC,EAAE,MAAM,EAAE,CAAC,CAAC,CAAC;IACtC,CAAC;IAED,MAAM,CAAC,UAAU,CAAC,OAA2B,EAAE,aAAgC;QAC7E,OAAO,CAAC,cAAc,CAAC,CAAC,EAAE,aAAa,EAAE,CAAC,CAAC,CAAC;IAC9C,CAAC;IAED,MAAM,CAAC,mBAAmB,CAAC,OAA2B,EAAE,IAAyB;QAC/E,OAAO,CAAC,WAAW,CAAC,CAAC,EAAE,IAAI,CAAC,MAAM,EAAE,CAAC,CAAC,CAAC;QACvC,KAAK,IAAI,CAAC,GAAG,IAAI,CAAC,MAAM,GAAG,CAAC,EAAE,CAAC,IAAI,CAAC,EAAE,CAAC,EAAE,EAAE;YACzC,OAAO,CAAC,SAAS,CAAC,IAAI,CAAC,CAAC,CAAE,CAAC,CAAC;SAC7B;QACD,OAAO,OAAO,CAAC,SAAS,EAAE,CAAC;IAC7B,CAAC;IAED,MAAM,CAAC,kBAAkB,CAAC,OAA2B,EAAE,QAAe;QACpE,OAAO,CAAC,WAAW,CAAC,CAAC,EAAE,QAAQ,EAAE,CAAC,CAAC,CAAC;IACtC,CAAC;IAED,MAAM,CAAC,OAAO,CAAC,OAA2B,EAAE,UAA6B;QACvE,OAAO,CAAC,cAAc,CAAC,CAAC,EAAE,UAAU,EAAE,CAAC,CAAC,CAAC;IAC3C,CAAC;IAED,MAAM,CAAC,gBAAgB,CAAC,OAA2B,EAAE,IAAwB;QAC3E,OAAO,CAAC,WAAW,CAAC,CAAC,EAAE,IAAI,CAAC,MAAM,EAAE,CAAC,CAAC,CAAC;QACvC,KAAK,IAAI,CAAC,GAAG,IAAI,CAAC,MAAM,GAAG,CAAC,EAAE,CAAC,IAAI,CAAC,EAAE,CAAC,EAAE,EAAE;YACzC,OAAO,CAAC,OAAO,CAAC,IAAI,CAAC,CAAC,CAAE,CAAC,CAAC;SAC3B;QACD,OAAO,OAAO,CAAC,SAAS,EAAE,CAAC;IAC7B,CAAC;IAED,MAAM,CAAC,eAAe,CAAC,OAA2B,EAAE,QAAe;QACjE,OAAO,CAAC,WAAW,CAAC,CAAC,EAAE,QAAQ,EAAE,CAAC,CAAC,CAAC;IACtC,CAAC;IAED,MAAM,CAAC,OAAO,CAAC,OAA2B;QACxC,MAAM,MAAM,GAAG,OAAO,CAAC,SAAS,EAAE,CAAC;QACnC,OAAO,MAAM,CAAC;IAChB,CAAC;IAED,MAAM,CAAC,UAAU,CAAC,OAA2B,EAAE,MAAa,EAAE,aAAgC,EAAE,UAA6B;QAC3H,IAAI,CAAC,SAAS,CAAC,OAAO,CAAC,CAAC;QACxB,IAAI,CAAC,SAAS,CAAC,OAAO,EAAE,MAAM,CAAC,CAAC;QAChC,IAAI,CAAC,UAAU,CAAC,OAAO,EAAE,aAAa,CAAC,CAAC;QACxC,IAAI,CAAC,OAAO,CAAC,OAAO,EAAE,UAAU,CAAC,CAAC;QAClC,OAAO,IAAI,CAAC,OAAO,CAAC,OAAO,CAAC,CAAC;IAC/B,CAAC;CACA;AApGD,oBAoGC"},"_coverageSchema":"1a1c01bbd47fc00a2c39e90264f33305004495a9","hash":"3fbfb868a05545d0fd18dadc3cd7cf65f0549514"},"/usr/local/apisix/javascript-plugin-runner/dist/ext-plugin/ext-plugin.js":{"path":"/usr/local/apisix/javascript-plugin-runner/dist/ext-plugin/ext-plugin.js","statementMap":{"0":{"start":{"line":2,"column":0},"end":{"line":2,"column":62}},"1":{"start":{"line":3,"column":0},"end":{"line":3,"column":181}},"2":{"start":{"line":4,"column":19},"end":{"line":4,"column":45}},"3":{"start":{"line":5,"column":0},"end":{"line":5,"column":119}},"4":{"start":{"line":5,"column":83},"end":{"line":5,"column":113}},"5":{"start":{"line":6,"column":13},"end":{"line":6,"column":37}},"6":{"start":{"line":7,"column":0},"end":{"line":7,"column":103}},"7":{"start":{"line":7,"column":78},"end":{"line":7,"column":97}},"8":{"start":{"line":8,"column":15},"end":{"line":8,"column":54}},"9":{"start":{"line":9,"column":0},"end":{"line":9,"column":109}},"10":{"start":{"line":9,"column":80},"end":{"line":9,"column":103}},"11":{"start":{"line":10,"column":0},"end":{"line":10,"column":123}},"12":{"start":{"line":10,"column":87},"end":{"line":10,"column":117}},"13":{"start":{"line":11,"column":0},"end":{"line":11,"column":131}},"14":{"start":{"line":11,"column":91},"end":{"line":11,"column":125}},"15":{"start":{"line":12,"column":16},"end":{"line":12,"column":56}},"16":{"start":{"line":13,"column":0},"end":{"line":13,"column":112}},"17":{"start":{"line":13,"column":81},"end":{"line":13,"column":106}},"18":{"start":{"line":14,"column":13},"end":{"line":14,"column":50}},"19":{"start":{"line":15,"column":0},"end":{"line":15,"column":103}},"20":{"start":{"line":15,"column":78},"end":{"line":15,"column":97}},"21":{"start":{"line":16,"column":15},"end":{"line":16,"column":37}},"22":{"start":{"line":17,"column":0},"end":{"line":17,"column":109}},"23":{"start":{"line":17,"column":80},"end":{"line":17,"column":103}},"24":{"start":{"line":18,"column":19},"end":{"line":18,"column":45}},"25":{"start":{"line":19,"column":0},"end":{"line":19,"column":119}},"26":{"start":{"line":19,"column":83},"end":{"line":19,"column":113}}},"fnMap":{"0":{"name":"(anonymous_0)","decl":{"start":{"line":5,"column":69},"end":{"line":5,"column":70}},"loc":{"start":{"line":5,"column":81},"end":{"line":5,"column":115}},"line":5},"1":{"name":"(anonymous_1)","decl":{"start":{"line":7,"column":64},"end":{"line":7,"column":65}},"loc":{"start":{"line":7,"column":76},"end":{"line":7,"column":99}},"line":7},"2":{"name":"(anonymous_2)","decl":{"start":{"line":9,"column":66},"end":{"line":9,"column":67}},"loc":{"start":{"line":9,"column":78},"end":{"line":9,"column":105}},"line":9},"3":{"name":"(anonymous_3)","decl":{"start":{"line":10,"column":73},"end":{"line":10,"column":74}},"loc":{"start":{"line":10,"column":85},"end":{"line":10,"column":119}},"line":10},"4":{"name":"(anonymous_4)","decl":{"start":{"line":11,"column":77},"end":{"line":11,"column":78}},"loc":{"start":{"line":11,"column":89},"end":{"line":11,"column":127}},"line":11},"5":{"name":"(anonymous_5)","decl":{"start":{"line":13,"column":67},"end":{"line":13,"column":68}},"loc":{"start":{"line":13,"column":79},"end":{"line":13,"column":108}},"line":13},"6":{"name":"(anonymous_6)","decl":{"start":{"line":15,"column":64},"end":{"line":15,"column":65}},"loc":{"start":{"line":15,"column":76},"end":{"line":15,"column":99}},"line":15},"7":{"name":"(anonymous_7)","decl":{"start":{"line":17,"column":66},"end":{"line":17,"column":67}},"loc":{"start":{"line":17,"column":78},"end":{"line":17,"column":105}},"line":17},"8":{"name":"(anonymous_8)","decl":{"start":{"line":19,"column":69},"end":{"line":19,"column":70}},"loc":{"start":{"line":19,"column":81},"end":{"line":19,"column":115}},"line":19}},"branchMap":{},"s":{"0":1,"1":1,"2":1,"3":1,"4":0,"5":1,"6":1,"7":0,"8":1,"9":1,"10":0,"11":1,"12":0,"13":1,"14":0,"15":1,"16":1,"17":0,"18":1,"19":1,"20":0,"21":1,"22":1,"23":0,"24":1,"25":1,"26":36},"f":{"0":0,"1":0,"2":0,"3":0,"4":0,"5":0,"6":0,"7":0,"8":36},"b":{},"inputSourceMap":{"version":3,"file":"ext-plugin.js","sourceRoot":"","sources":["../../src/ext-plugin/ext-plugin.ts"],"names":[],"mappings":";;;AAAA,8CAA4C;AAAnC,uGAAA,SAAS,OAAA;AAClB,sCAAqC;AAA5B,4FAAA,IAAI,OAAA;AACb,uDAAwF;AAA/E,gGAAA,MAAM,OAAA;AAAE,uGAAA,aAAa,OAAA;AAAE,2GAAA,iBAAiB,OAAA;AACjD,yDAAwD;AAA/C,kGAAA,OAAO,OAAA;AAChB,mDAAkD;AAAzC,4FAAA,IAAI,OAAA;AACb,sCAAqC;AAA5B,gGAAA,MAAM,OAAA;AACf,8CAA4C;AAAnC,uGAAA,SAAS,OAAA"},"_coverageSchema":"1a1c01bbd47fc00a2c39e90264f33305004495a9","hash":"a129b0e507e35d6c6d48b3fb15895b8b115c545a"},"/usr/local/apisix/javascript-plugin-runner/dist/ext-plugin/a6/err/code.js":{"path":"/usr/local/apisix/javascript-plugin-runner/dist/ext-plugin/a6/err/code.js","statementMap":{"0":{"start":{"line":2,"column":0},"end":{"line":2,"column":62}},"1":{"start":{"line":3,"column":0},"end":{"line":3,"column":22}},"2":{"start":{"line":5,"column":0},"end":{"line":9,"column":47}},"3":{"start":{"line":6,"column":4},"end":{"line":6,"column":50}},"4":{"start":{"line":7,"column":4},"end":{"line":7,"column":66}},"5":{"start":{"line":8,"column":4},"end":{"line":8,"column":68}}},"fnMap":{"0":{"name":"(anonymous_0)","decl":{"start":{"line":5,"column":1},"end":{"line":5,"column":2}},"loc":{"start":{"line":5,"column":17},"end":{"line":9,"column":1}},"line":5}},"branchMap":{"0":{"loc":{"start":{"line":9,"column":10},"end":{"line":9,"column":45}},"type":"binary-expr","locations":[{"start":{"line":9,"column":10},"end":{"line":9,"column":22}},{"start":{"line":9,"column":27},"end":{"line":9,"column":44}}],"line":9}},"s":{"0":1,"1":1,"2":1,"3":1,"4":1,"5":1},"f":{"0":1},"b":{"0":[1,1]},"inputSourceMap":{"version":3,"file":"code.js","sourceRoot":"","sources":["../../../../src/ext-plugin/a6/err/code.ts"],"names":[],"mappings":";;;AAEA,IAAY,IAIX;AAJD,WAAY,IAAI;IACd,6CAAe,CAAA;IACf,6DAAuB,CAAA;IACvB,+DAAwB,CAAA;AAC1B,CAAC,EAJW,IAAI,GAAJ,YAAI,KAAJ,YAAI,QAIf"},"_coverageSchema":"1a1c01bbd47fc00a2c39e90264f33305004495a9","hash":"c8b119dca7da77a38465ff163a9375b7026b9984"},"/usr/local/apisix/javascript-plugin-runner/dist/runner/index.js":{"path":"/usr/local/apisix/javascript-plugin-runner/dist/runner/index.js","statementMap":{"0":{"start":{"line":2,"column":16},"end":{"line":10,"column":1}},"1":{"start":{"line":3,"column":28},"end":{"line":3,"column":110}},"2":{"start":{"line":3,"column":91},"end":{"line":3,"column":106}},"3":{"start":{"line":4,"column":4},"end":{"line":9,"column":7}},"4":{"start":{"line":5,"column":36},"end":{"line":5,"column":97}},"5":{"start":{"line":5,"column":42},"end":{"line":5,"column":70}},"6":{"start":{"line":5,"column":85},"end":{"line":5,"column":95}},"7":{"start":{"line":6,"column":35},"end":{"line":6,"column":100}},"8":{"start":{"line":6,"column":41},"end":{"line":6,"column":73}},"9":{"start":{"line":6,"column":88},"end":{"line":6,"column":98}},"10":{"start":{"line":7,"column":32},"end":{"line":7,"column":116}},"11":{"start":{"line":8,"column":8},"end":{"line":8,"column":78}},"12":{"start":{"line":11,"column":0},"end":{"line":11,"column":62}},"13":{"start":{"line":14,"column":8},"end":{"line":14,"column":26}},"14":{"start":{"line":15,"column":8},"end":{"line":15,"column":28}},"15":{"start":{"line":16,"column":8},"end":{"line":16,"column":28}},"16":{"start":{"line":17,"column":8},"end":{"line":17,"column":24}},"17":{"start":{"line":20,"column":8},"end":{"line":20,"column":71}},"18":{"start":{"line":21,"column":8},"end":{"line":21,"column":50}},"19":{"start":{"line":22,"column":8},"end":{"line":22,"column":34}},"20":{"start":{"line":25,"column":8},"end":{"line":25,"column":26}},"21":{"start":{"line":26,"column":8},"end":{"line":26,"column":31}},"22":{"start":{"line":29,"column":8},"end":{"line":29,"column":28}},"23":{"start":{"line":32,"column":8},"end":{"line":32,"column":29}},"24":{"start":{"line":35,"column":8},"end":{"line":39,"column":11}},"25":{"start":{"line":36,"column":33},"end":{"line":36,"column":53}},"26":{"start":{"line":38,"column":12},"end":{"line":38,"column":74}},"27":{"start":{"line":40,"column":22},"end":{"line":40,"column":42}},"28":{"start":{"line":41,"column":8},"end":{"line":41,"column":50}},"29":{"start":{"line":42,"column":8},"end":{"line":42,"column":21}},"30":{"start":{"line":45,"column":8},"end":{"line":63,"column":11}},"31":{"start":{"line":46,"column":26},"end":{"line":46,"column":61}},"32":{"start":{"line":47,"column":12},"end":{"line":49,"column":13}},"33":{"start":{"line":48,"column":16},"end":{"line":48,"column":64}},"34":{"start":{"line":50,"column":12},"end":{"line":50,"column":37}},"35":{"start":{"line":51,"column":29},"end":{"line":51,"column":31}},"36":{"start":{"line":52,"column":12},"end":{"line":55,"column":13}},"37":{"start":{"line":53,"column":16},"end":{"line":53,"column":47}},"38":{"start":{"line":54,"column":16},"end":{"line":54,"column":76}},"39":{"start":{"line":56,"column":27},"end":{"line":56,"column":79}},"40":{"start":{"line":57,"column":12},"end":{"line":61,"column":13}},"41":{"start":{"line":58,"column":16},"end":{"line":60,"column":17}},"42":{"start":{"line":59,"column":20},"end":{"line":59,"column":42}},"43":{"start":{"line":62,"column":12},"end":{"line":62,"column":49}},"44":{"start":{"line":66,"column":0},"end":{"line":66,"column":25}}},"fnMap":{"0":{"name":"(anonymous_0)","decl":{"start":{"line":2,"column":44},"end":{"line":2,"column":45}},"loc":{"start":{"line":2,"column":89},"end":{"line":10,"column":1}},"line":2},"1":{"name":"adopt","decl":{"start":{"line":3,"column":13},"end":{"line":3,"column":18}},"loc":{"start":{"line":3,"column":26},"end":{"line":3,"column":112}},"line":3},"2":{"name":"(anonymous_2)","decl":{"start":{"line":3,"column":70},"end":{"line":3,"column":71}},"loc":{"start":{"line":3,"column":89},"end":{"line":3,"column":108}},"line":3},"3":{"name":"(anonymous_3)","decl":{"start":{"line":4,"column":36},"end":{"line":4,"column":37}},"loc":{"start":{"line":4,"column":63},"end":{"line":9,"column":5}},"line":4},"4":{"name":"fulfilled","decl":{"start":{"line":5,"column":17},"end":{"line":5,"column":26}},"loc":{"start":{"line":5,"column":34},"end":{"line":5,"column":99}},"line":5},"5":{"name":"rejected","decl":{"start":{"line":6,"column":17},"end":{"line":6,"column":25}},"loc":{"start":{"line":6,"column":33},"end":{"line":6,"column":102}},"line":6},"6":{"name":"step","decl":{"start":{"line":7,"column":17},"end":{"line":7,"column":21}},"loc":{"start":{"line":7,"column":30},"end":{"line":7,"column":118}},"line":7},"7":{"name":"(anonymous_7)","decl":{"start":{"line":13,"column":4},"end":{"line":13,"column":5}},"loc":{"start":{"line":13,"column":18},"end":{"line":18,"column":5}},"line":13},"8":{"name":"(anonymous_8)","decl":{"start":{"line":19,"column":4},"end":{"line":19,"column":5}},"loc":{"start":{"line":19,"column":27},"end":{"line":23,"column":5}},"line":19},"9":{"name":"(anonymous_9)","decl":{"start":{"line":24,"column":4},"end":{"line":24,"column":5}},"loc":{"start":{"line":24,"column":20},"end":{"line":27,"column":5}},"line":24},"10":{"name":"(anonymous_10)","decl":{"start":{"line":28,"column":4},"end":{"line":28,"column":5}},"loc":{"start":{"line":28,"column":21},"end":{"line":30,"column":5}},"line":28},"11":{"name":"(anonymous_11)","decl":{"start":{"line":31,"column":4},"end":{"line":31,"column":5}},"loc":{"start":{"line":31,"column":16},"end":{"line":33,"column":5}},"line":31},"12":{"name":"(anonymous_12)","decl":{"start":{"line":34,"column":4},"end":{"line":34,"column":5}},"loc":{"start":{"line":34,"column":26},"end":{"line":43,"column":5}},"line":34},"13":{"name":"(anonymous_13)","decl":{"start":{"line":36,"column":19},"end":{"line":36,"column":20}},"loc":{"start":{"line":36,"column":33},"end":{"line":36,"column":53}},"line":36},"14":{"name":"(anonymous_14)","decl":{"start":{"line":37,"column":16},"end":{"line":37,"column":17}},"loc":{"start":{"line":37,"column":37},"end":{"line":39,"column":9}},"line":37},"15":{"name":"(anonymous_15)","decl":{"start":{"line":44,"column":4},"end":{"line":44,"column":5}},"loc":{"start":{"line":44,"column":36},"end":{"line":64,"column":5}},"line":44},"16":{"name":"(anonymous_16)","decl":{"start":{"line":45,"column":47},"end":{"line":45,"column":48}},"loc":{"start":{"line":45,"column":60},"end":{"line":63,"column":9}},"line":45}},"branchMap":{"0":{"loc":{"start":{"line":2,"column":16},"end":{"line":10,"column":1}},"type":"binary-expr","locations":[{"start":{"line":2,"column":17},"end":{"line":2,"column":21}},{"start":{"line":2,"column":25},"end":{"line":2,"column":39}},{"start":{"line":2,"column":44},"end":{"line":10,"column":1}}],"line":2},"1":{"loc":{"start":{"line":3,"column":35},"end":{"line":3,"column":109}},"type":"cond-expr","locations":[{"start":{"line":3,"column":56},"end":{"line":3,"column":61}},{"start":{"line":3,"column":64},"end":{"line":3,"column":109}}],"line":3},"2":{"loc":{"start":{"line":4,"column":16},"end":{"line":4,"column":34}},"type":"binary-expr","locations":[{"start":{"line":4,"column":16},"end":{"line":4,"column":17}},{"start":{"line":4,"column":22},"end":{"line":4,"column":33}}],"line":4},"3":{"loc":{"start":{"line":7,"column":32},"end":{"line":7,"column":115}},"type":"cond-expr","locations":[{"start":{"line":7,"column":46},"end":{"line":7,"column":67}},{"start":{"line":7,"column":70},"end":{"line":7,"column":115}}],"line":7},"4":{"loc":{"start":{"line":8,"column":51},"end":{"line":8,"column":67}},"type":"binary-expr","locations":[{"start":{"line":8,"column":51},"end":{"line":8,"column":61}},{"start":{"line":8,"column":65},"end":{"line":8,"column":67}}],"line":8},"5":{"loc":{"start":{"line":47,"column":12},"end":{"line":49,"column":13}},"type":"if","locations":[{"start":{"line":47,"column":12},"end":{"line":49,"column":13}},{"start":{"line":47,"column":12},"end":{"line":49,"column":13}}],"line":47},"6":{"loc":{"start":{"line":56,"column":27},"end":{"line":56,"column":79}},"type":"binary-expr","locations":[{"start":{"line":56,"column":27},"end":{"line":56,"column":40}},{"start":{"line":56,"column":44},"end":{"line":56,"column":59}},{"start":{"line":56,"column":63},"end":{"line":56,"column":79}}],"line":56},"7":{"loc":{"start":{"line":57,"column":12},"end":{"line":61,"column":13}},"type":"if","locations":[{"start":{"line":57,"column":12},"end":{"line":61,"column":13}},{"start":{"line":57,"column":12},"end":{"line":61,"column":13}}],"line":57},"8":{"loc":{"start":{"line":58,"column":16},"end":{"line":60,"column":17}},"type":"if","locations":[{"start":{"line":58,"column":16},"end":{"line":60,"column":17}},{"start":{"line":58,"column":16},"end":{"line":60,"column":17}}],"line":58}},"s":{"0":1,"1":2,"2":0,"3":2,"4":2,"5":2,"6":0,"7":0,"8":0,"9":0,"10":4,"11":2,"12":1,"13":1,"14":1,"15":1,"16":1,"17":2,"18":2,"19":2,"20":2,"21":2,"22":2,"23":2,"24":2,"25":2,"26":2,"27":2,"28":2,"29":2,"30":2,"31":2,"32":2,"33":0,"34":2,"35":2,"36":2,"37":2,"38":2,"39":2,"40":2,"41":1,"42":1,"43":2,"44":1},"f":{"0":2,"1":2,"2":0,"3":2,"4":2,"5":0,"6":4,"7":1,"8":2,"9":2,"10":2,"11":2,"12":2,"13":2,"14":2,"15":2,"16":2},"b":{"0":[1,1,1],"1":[2,0],"2":[2,2],"3":[2,2],"4":[2,2],"5":[0,2],"6":[2,1,1],"7":[1,1],"8":[1,0]},"inputSourceMap":{"version":3,"file":"index.js","sourceRoot":"","sources":["../../src/runner/index.ts"],"names":[],"mappings":";;;;;;;;;;;AAgEA,MAAM,MAAM;IAWR;QACI,IAAI,CAAC,OAAO,GAAG,EAAE,CAAA;QACjB,IAAI,CAAC,SAAS,GAAG,EAAE,CAAA;QACnB,IAAI,CAAC,UAAU,GAAG,CAAC,CAAA;QACnB,IAAI,CAAC,KAAK,GAAG,EAAE,CAAA;IACnB,CAAC;IAED,cAAc,CAAC,MAAc;QACzB,OAAO,CAAC,GAAG,CAAC,+BAA+B,MAAM,CAAC,OAAO,EAAE,EAAE,CAAC,CAAA;QAC9D,IAAI,CAAC,SAAS,CAAC,MAAM,CAAC,OAAO,EAAE,CAAC,GAAG,MAAM,CAAA;QACzC,IAAI,CAAC,OAAO,CAAC,IAAI,CAAC,MAAM,CAAC,CAAA;IAC7B,CAAC;IAED,aAAa;QACT,IAAI,CAAC,UAAU,EAAE,CAAA;QACjB,OAAO,IAAI,CAAC,UAAU,CAAA;IAC1B,CAAC;IAED,QAAQ,CAAC,CAAS,EAAE,GAAW;QAC3B,IAAI,CAAC,KAAK,CAAC,CAAC,CAAC,GAAG,GAAG,CAAA;IACvB,CAAC;IAED,QAAQ,CAAC,CAAS;QACd,OAAO,IAAI,CAAC,KAAK,CAAC,CAAC,CAAC,CAAA;IACxB,CAAC;IAED,WAAW,CAAC,QAAyC;QACjD,QAAQ,GAAG,QAAQ;YACf,MAAM,CAAC,CAAC,EAAC,IAAI,EAAC,EAAE,EAAE,CAAC,IAAI,CAAC,SAAS,CAAC,IAAI,CAAC,CAAC;YACxC,GAAG,CAAC,CAAC,EAAC,IAAI,EAAE,KAAK,EAAC,EAAE,EAAE;YAClB,OAAO,EAAC,IAAI,EAAE,KAAK,EAAE,IAAI,CAAC,SAAS,CAAC,IAAI,CAAC,CAAC,SAAS,CAAC,KAAK,CAAC,EAAC,CAAA;QAC/D,CAAC,CAAC,CAAA;QACN,MAAM,KAAK,GAAG,IAAI,CAAC,aAAa,EAAE,CAAA;QAClC,IAAI,CAAC,QAAQ,CAAC,KAAK,CAAC,QAAQ,EAAE,EAAE,QAAQ,CAAC,CAAA;QACzC,OAAO,KAAK,CAAA;IAChB,CAAC;IAEK,WAAW,CAAC,SAAiB,EAAE,OAAgB;;YACjD,MAAM,KAAK,GAAG,IAAI,CAAC,QAAQ,CAAC,SAAS,CAAC,QAAQ,EAAE,CAAoC,CAAA;YACpF,IAAI,CAAC,KAAK,EAAE;gBACR,MAAM,IAAI,KAAK,CAAC,SAAS,SAAS,YAAY,CAAC,CAAA;aAClD;YACD,OAAO,CAAC,KAAK,CAAC,EAAC,KAAK,EAAC,CAAC,CAAA;YACtB,MAAM,QAAQ,GAAG,EAAc,CAAA;YAC/B,KAAK,IAAI,EAAC,IAAI,EAAE,KAAK,EAAC,IAAI,KAAK,EAAG;gBAC9B,OAAO,CAAC,KAAK,CAAC,EAAC,IAAI,EAAE,KAAK,EAAC,CAAC,CAAA;gBAC5B,MAAM,IAAI,CAAC,SAAS,CAAC,IAAI,CAAC,CAAC,MAAM,CAAC,KAAK,EAAE,OAAO,EAAE,QAAQ,CAAC,CAAA;aAC9D;YACD,MAAM,MAAM,GAAG,QAAQ,CAAC,IAAI,IAAI,QAAQ,CAAC,MAAM,IAAI,QAAQ,CAAC,OAAO,CAAA;YACnE,IAAI,MAAM,EAAE;gBACR,IAAI,CAAC,QAAQ,CAAC,MAAM,EAAE;oBAClB,QAAQ,CAAC,MAAM,GAAG,GAAG,CAAA;iBACxB;aACJ;YACD,OAAO,EAAC,MAAM,EAAE,QAAQ,EAAE,OAAO,EAAC,CAAA;QACtC,CAAC;KAAA;CAEJ;AAED,kBAAe,MAAM,CAAA"},"_coverageSchema":"1a1c01bbd47fc00a2c39e90264f33305004495a9","hash":"b72116afc99058d862ad6d11481e94dd770e7e0e"}}